Using pre-set license

 COMMAND LINE ARGUMENTS:
/Applications/Unity/Hub/Editor/2020.3.2f1/Unity.app/Contents/MacOS/Unity
-adb2
-batchMode
-noUpm
-name
AssetImportWorker0
-projectPath
/Users/k-now/Documents/GitHub/Event-based-3D-Reconstruction/object_record
-logFile
Logs/AssetImportWorker0.log
-srvPort
55187
Successfully changed project path to: /Users/k-now/Documents/GitHub/Event-based-3D-Reconstruction/object_record
/Users/k-now/Documents/GitHub/Event-based-3D-Reconstruction/object_record
Using Asset Import Pipeline V2.
Refreshing native plugins compatible for Editor in 25.66 ms, found 3 plugins.
Preloading 0 native plugins for Editor in 0.00 ms.
Initialize engine version: 2020.3.2f1 (8fd9074bf66c)
[Subsystems] Discovering subsystems at path /Applications/Unity/Hub/Editor/2020.3.2f1/Unity.app/Contents/Resources/UnitySubsystems
[Subsystems] Discovering subsystems at path /Users/k-now/Documents/GitHub/Event-based-3D-Reconstruction/object_record/Assets
GfxDevice: creating device client; threaded=0
2021-05-22 19:48:11.464 Unity[74393:3641926] (null) preferred device: Apple M1 (high power)
2021-05-22 19:48:11.464 Unity[74393:3641926] Metal devices available: 1
2021-05-22 19:48:11.464 Unity[74393:3641926] 0: Apple M1 (high power)
2021-05-22 19:48:11.464 Unity[74393:3641926] Using device Apple M1 (high power)
Initializing Metal device caps: Apple M1
Initialize mono
Mono path[0] = '/Applications/Unity/Hub/Editor/2020.3.2f1/Unity.app/Contents/Managed'
Mono path[1] = '/Applications/Unity/Hub/Editor/2020.3.2f1/Unity.app/Contents/MonoBleedingEdge/lib/mono/unityjit'
Mono config path = '/Applications/Unity/Hub/Editor/2020.3.2f1/Unity.app/Contents/MonoBleedingEdge/etc'
Using monoOptions --debugger-agent=transport=dt_socket,embedding=1,server=y,suspend=n,address=127.0.0.1:56393
Begin MonoManager ReloadAssembly
Registering precompiled unity dll's ...
Register platform support module: /Applications/Unity/Hub/Editor/2020.3.2f1/Unity.app/Contents/PlaybackEngines/MacStandaloneSupport/UnityEditor.OSXStandalone.Extensions.dll
Registered in 0.001260 seconds.
Native extension for OSXStandalone target not found
Refreshing native plugins compatible for Editor in 24.39 ms, found 3 plugins.
Preloading 0 native plugins for Editor in 0.00 ms.
Invoked RoslynAnalysisRunner static constructor.
RoslynAnalysisRunner will not be running.
RoslynAnalysisRunner has terminated.
Mono: successfully reloaded assembly
- Completed reload, in  1.936 seconds
Platform modules already initialized, skipping
Registering precompiled user dll's ...
Registered in 0.002148 seconds.
Begin MonoManager ReloadAssembly
Native extension for OSXStandalone target not found
Refreshing native plugins compatible for Editor in 0.25 ms, found 3 plugins.
Preloading 0 native plugins for Editor in 0.00 ms.
Invoked RoslynAnalysisRunner static constructor.
RoslynAnalysisRunner will not be running.
RoslynAnalysisRunner has terminated.
Mono: successfully reloaded assembly
- Completed reload, in  1.686 seconds
Platform modules already initialized, skipping
========================================================================
Worker process is ready to serve import requests
Launching external process: /Applications/Unity/Hub/Editor/2020.3.2f1/Unity.app/Contents/Tools/UnityShaderCompiler
Launched and connected shader compiler UnityShaderCompiler after 0.03 seconds
Refreshing native plugins compatible for Editor in 0.25 ms, found 3 plugins.
Preloading 0 native plugins for Editor in 0.00 ms.
Unloading 1264 Unused Serialized files (Serialized files now loaded: 0)
System memory in use before: 115.1 MB.
System memory in use after: 115.1 MB.

Unloading 17 unused Assets to reduce memory usage. Loaded Objects now: 1700.
Total: 1.285459 ms (FindLiveObjects: 0.106125 ms CreateObjectMapping: 0.027416 ms MarkObjects: 1.080292 ms  DeleteObjects: 0.070875 ms)

========================================================================
Received Import Request.
  path: Assets/Scenes/45/00054057.mp4
  artifactKey: Guid(76d78b6d8a5f74c1485e9bc9a80e3f93) Importer(815301076,1909f56bfc062723c751e8b465ee728b)
Start importing Assets/Scenes/45/00054057.mp4 using Guid(76d78b6d8a5f74c1485e9bc9a80e3f93) Importer(815301076,1909f56bfc062723c751e8b465ee728b)  -> (artifact id: 'f3730d3c6e4b2c7ce8e9f6a07d01b99d') in 0.318407 seconds
  Import took 0.321117 seconds .

========================================================================
Received Import Request.
  Time since last request: 0.000361 seconds.
  path: Assets/Scenes/45/ob3.mp4
  artifactKey: Guid(747d8099f59a84ef7958a6e7a3616ecb) Importer(815301076,1909f56bfc062723c751e8b465ee728b)
Start importing Assets/Scenes/45/ob3.mp4 using Guid(747d8099f59a84ef7958a6e7a3616ecb) Importer(815301076,1909f56bfc062723c751e8b465ee728b)  -> (artifact id: '0a62698749f6dfd5e7ae5827532b5f91') in 0.003236 seconds
  Import took 0.005104 seconds .

========================================================================
Received Import Request.
  Time since last request: 0.000249 seconds.
  path: Assets/Scenes/45/00057691.mp4
  artifactKey: Guid(0a7119183458c4f18b74a6e66de61f66) Importer(815301076,1909f56bfc062723c751e8b465ee728b)
Start importing Assets/Scenes/45/00057691.mp4 using Guid(0a7119183458c4f18b74a6e66de61f66) Importer(815301076,1909f56bfc062723c751e8b465ee728b)  -> (artifact id: '03b4cf916ea45cb9003e9196ce684cd4') in 0.002466 seconds
  Import took 0.004565 seconds .

========================================================================
Received Import Request.
  Time since last request: 0.000241 seconds.
  path: Assets/Scenes/45/ob.mp4
  artifactKey: Guid(9c120ca7dd58d4dd0add7ed9005be2d2) Importer(815301076,1909f56bfc062723c751e8b465ee728b)
Start importing Assets/Scenes/45/ob.mp4 using Guid(9c120ca7dd58d4dd0add7ed9005be2d2) Importer(815301076,1909f56bfc062723c751e8b465ee728b)  -> (artifact id: '49f94fc7f114be6d61457ab10095aa88') in 0.002481 seconds
  Import took 0.003968 seconds .

========================================================================
Received Import Request.
  Time since last request: 0.000260 seconds.
  path: Assets/Scenes/45/ob2.mp4
  artifactKey: Guid(53a8d6cb64a2c48aa952fa7f0422b2e6) Importer(815301076,1909f56bfc062723c751e8b465ee728b)
Start importing Assets/Scenes/45/ob2.mp4 using Guid(53a8d6cb64a2c48aa952fa7f0422b2e6) Importer(815301076,1909f56bfc062723c751e8b465ee728b)  -> (artifact id: 'c0830de1a5a5a92b527e189cd5550069') in 0.002345 seconds
  Import took 0.003638 seconds .

========================================================================
Received Import Request.
  Time since last request: 13.009678 seconds.
  path: Assets/Scenes/create_object.cs
  artifactKey: Guid(e01c8e71d4daf4e9c851c9b8a6c7de30) Importer(815301076,1909f56bfc062723c751e8b465ee728b)
Start importing Assets/Scenes/create_object.cs using Guid(e01c8e71d4daf4e9c851c9b8a6c7de30) Importer(815301076,1909f56bfc062723c751e8b465ee728b)  -> (artifact id: '029b1e7ed735e8747dcc8a921fc727e9') in 0.189227 seconds
  Import took 0.190899 seconds .

========================================================================
Received Import Request.
  Time since last request: 304.432994 seconds.
  path: Assets/Scenes/fourtyfive.cs
  artifactKey: Guid(df9e9084bc601428999df4f45286deba) Importer(815301076,1909f56bfc062723c751e8b465ee728b)
Start importing Assets/Scenes/fourtyfive.cs using Guid(df9e9084bc601428999df4f45286deba) Importer(815301076,1909f56bfc062723c751e8b465ee728b)  -> (artifact id: '95f4c2ac4ca6e0ab4fb7cdcd4f4941d4') in 0.007195 seconds
  Import took 0.015752 seconds .

========================================================================
Received Import Request.
  Time since last request: 0.000694 seconds.
  path: Assets/Scenes/fourtyfive.cs
  artifactKey: Guid(df9e9084bc601428999df4f45286deba) Importer(815301076,1909f56bfc062723c751e8b465ee728b)
Start importing Assets/Scenes/fourtyfive.cs using Guid(df9e9084bc601428999df4f45286deba) Importer(815301076,1909f56bfc062723c751e8b465ee728b)  -> (artifact id: '95f4c2ac4ca6e0ab4fb7cdcd4f4941d4') in 0.000968 seconds
  Import took 0.003364 seconds .

