Using pre-set license

 COMMAND LINE ARGUMENTS:
/Applications/Unity/Hub/Editor/2020.3.2f1/Unity.app/Contents/MacOS/Unity
-adb2
-batchMode
-noUpm
-name
AssetImportWorker0
-projectPath
/Users/k-now/Documents/GitHub/Event-based-3D-Reconstruction/object_record
-logFile
Logs/AssetImportWorker0.log
-srvPort
55372
Successfully changed project path to: /Users/k-now/Documents/GitHub/Event-based-3D-Reconstruction/object_record
/Users/k-now/Documents/GitHub/Event-based-3D-Reconstruction/object_record
Using Asset Import Pipeline V2.
Refreshing native plugins compatible for Editor in 25.44 ms, found 3 plugins.
Preloading 0 native plugins for Editor in 0.00 ms.
Initialize engine version: 2020.3.2f1 (8fd9074bf66c)
[Subsystems] Discovering subsystems at path /Applications/Unity/Hub/Editor/2020.3.2f1/Unity.app/Contents/Resources/UnitySubsystems
[Subsystems] Discovering subsystems at path /Users/k-now/Documents/GitHub/Event-based-3D-Reconstruction/object_record/Assets
GfxDevice: creating device client; threaded=0
2021-05-22 20:05:56.055 Unity[74712:3656421] (null) preferred device: Apple M1 (high power)
2021-05-22 20:05:56.055 Unity[74712:3656421] Metal devices available: 1
2021-05-22 20:05:56.055 Unity[74712:3656421] 0: Apple M1 (high power)
2021-05-22 20:05:56.055 Unity[74712:3656421] Using device Apple M1 (high power)
Initializing Metal device caps: Apple M1
Initialize mono
Mono path[0] = '/Applications/Unity/Hub/Editor/2020.3.2f1/Unity.app/Contents/Managed'
Mono path[1] = '/Applications/Unity/Hub/Editor/2020.3.2f1/Unity.app/Contents/MonoBleedingEdge/lib/mono/unityjit'
Mono config path = '/Applications/Unity/Hub/Editor/2020.3.2f1/Unity.app/Contents/MonoBleedingEdge/etc'
Using monoOptions --debugger-agent=transport=dt_socket,embedding=1,server=y,suspend=n,address=127.0.0.1:56712
Begin MonoManager ReloadAssembly
Registering precompiled unity dll's ...
Register platform support module: /Applications/Unity/Hub/Editor/2020.3.2f1/Unity.app/Contents/PlaybackEngines/MacStandaloneSupport/UnityEditor.OSXStandalone.Extensions.dll
Registered in 0.000334 seconds.
Native extension for OSXStandalone target not found
Refreshing native plugins compatible for Editor in 24.83 ms, found 3 plugins.
Preloading 0 native plugins for Editor in 0.00 ms.
Invoked RoslynAnalysisRunner static constructor.
RoslynAnalysisRunner will not be running.
RoslynAnalysisRunner has terminated.
Mono: successfully reloaded assembly
- Completed reload, in  1.961 seconds
Platform modules already initialized, skipping
Registering precompiled user dll's ...
Registered in 0.000438 seconds.
Begin MonoManager ReloadAssembly
Native extension for OSXStandalone target not found
Refreshing native plugins compatible for Editor in 0.24 ms, found 3 plugins.
Preloading 0 native plugins for Editor in 0.00 ms.
Invoked RoslynAnalysisRunner static constructor.
RoslynAnalysisRunner will not be running.
RoslynAnalysisRunner has terminated.
Mono: successfully reloaded assembly
- Completed reload, in  1.644 seconds
Platform modules already initialized, skipping
========================================================================
Worker process is ready to serve import requests
Launching external process: /Applications/Unity/Hub/Editor/2020.3.2f1/Unity.app/Contents/Tools/UnityShaderCompiler
Launched and connected shader compiler UnityShaderCompiler after 0.03 seconds
Refreshing native plugins compatible for Editor in 0.25 ms, found 3 plugins.
Preloading 0 native plugins for Editor in 0.00 ms.
Unloading 1264 Unused Serialized files (Serialized files now loaded: 0)
System memory in use before: 115.1 MB.
System memory in use after: 115.1 MB.

Unloading 17 unused Assets to reduce memory usage. Loaded Objects now: 1700.
Total: 1.275541 ms (FindLiveObjects: 0.118292 ms CreateObjectMapping: 0.026333 ms MarkObjects: 1.053875 ms  DeleteObjects: 0.076375 ms)

========================================================================
Received Import Request.
  path: Assets/Scenes/sixty.cs
  artifactKey: Guid(b60927e065695488c89ddf50da75fa4a) Importer(815301076,1909f56bfc062723c751e8b465ee728b)
Start importing Assets/Scenes/sixty.cs using Guid(b60927e065695488c89ddf50da75fa4a) Importer(815301076,1909f56bfc062723c751e8b465ee728b)  -> (artifact id: '186f3aafdd8617ec007850191934e7ad') in 0.220645 seconds
  Import took 0.222682 seconds .

========================================================================
Received Import Request.
  Time since last request: 0.000316 seconds.
  path: Assets/Scenes/Rotate.cs
  artifactKey: Guid(586431bd1035141058c1afe5dd29db98) Importer(815301076,1909f56bfc062723c751e8b465ee728b)
Start importing Assets/Scenes/Rotate.cs using Guid(586431bd1035141058c1afe5dd29db98) Importer(815301076,1909f56bfc062723c751e8b465ee728b)  -> (artifact id: '84f574d723ff5e9cf9c0ebe16edf9296') in 0.002065 seconds
  Import took 0.003828 seconds .

========================================================================
Received Import Request.
  Time since last request: 0.000191 seconds.
  path: Assets/Scenes/thirty.cs
  artifactKey: Guid(11607aec881964f2ab626a71c5884cf4) Importer(815301076,1909f56bfc062723c751e8b465ee728b)
Start importing Assets/Scenes/thirty.cs using Guid(11607aec881964f2ab626a71c5884cf4) Importer(815301076,1909f56bfc062723c751e8b465ee728b)  -> (artifact id: '6099bee7b58eb0ac3f37834ac8396bfc') in 0.001753 seconds
  Import took 0.002994 seconds .

========================================================================
Received Import Request.
  Time since last request: 3.899937 seconds.
  path: Assets/Scenes/Rotate.cs
  artifactKey: Guid(586431bd1035141058c1afe5dd29db98) Importer(815301076,1909f56bfc062723c751e8b465ee728b)
Start importing Assets/Scenes/Rotate.cs using Guid(586431bd1035141058c1afe5dd29db98) Importer(815301076,1909f56bfc062723c751e8b465ee728b)  -> (artifact id: '84f574d723ff5e9cf9c0ebe16edf9296') in 0.002176 seconds
  Import took 0.003793 seconds .

========================================================================
Received Prepare
Registering precompiled user dll's ...
Registered in 0.000526 seconds.
Begin MonoManager ReloadAssembly
Native extension for OSXStandalone target not found
Refreshing native plugins compatible for Editor in 0.46 ms, found 3 plugins.
Preloading 0 native plugins for Editor in 0.00 ms.
Invoked RoslynAnalysisRunner static constructor.
RoslynAnalysisRunner will not be running.
RoslynAnalysisRunner has terminated.
Mono: successfully reloaded assembly
- Completed reload, in  2.303 seconds
Platform modules already initialized, skipping
Refreshing native plugins compatible for Editor in 0.24 ms, found 3 plugins.
Preloading 0 native plugins for Editor in 0.00 ms.
Unloading 1253 Unused Serialized files (Serialized files now loaded: 0)
System memory in use before: 118.9 MB.
System memory in use after: 119.0 MB.

Unloading 12 unused Assets to reduce memory usage. Loaded Objects now: 1703.
Total: 2.642500 ms (FindLiveObjects: 0.499000 ms CreateObjectMapping: 0.049584 ms MarkObjects: 1.966625 ms  DeleteObjects: 0.126417 ms)

========================================================================
Received Import Request.
  Time since last request: 16.166609 seconds.
  path: Assets/Scenes/45/00054057.mp4
  artifactKey: Guid(76d78b6d8a5f74c1485e9bc9a80e3f93) Importer(815301076,1909f56bfc062723c751e8b465ee728b)
Start importing Assets/Scenes/45/00054057.mp4 using Guid(76d78b6d8a5f74c1485e9bc9a80e3f93) Importer(815301076,1909f56bfc062723c751e8b465ee728b)  -> (artifact id: '1838fa9c93ca55da057f6539a423b161') in 0.254713 seconds
  Import took 0.257030 seconds .

========================================================================
Received Import Request.
  Time since last request: 0.127147 seconds.
  path: Assets/Scenes/45/00054057.mp4
  artifactKey: Guid(76d78b6d8a5f74c1485e9bc9a80e3f93) Importer(815301076,1909f56bfc062723c751e8b465ee728b)
Start importing Assets/Scenes/45/00054057.mp4 using Guid(76d78b6d8a5f74c1485e9bc9a80e3f93) Importer(815301076,1909f56bfc062723c751e8b465ee728b)  -> (artifact id: '1838fa9c93ca55da057f6539a423b161') in 0.003578 seconds
  Import took 0.005793 seconds .

========================================================================
Received Import Request.
  Time since last request: 4.223072 seconds.
  path: Assets/Scenes/60/00054057.mp4
  artifactKey: Guid(ae937963e2bcb412b90bf5f9786ea815) Importer(815301076,1909f56bfc062723c751e8b465ee728b)
Start importing Assets/Scenes/60/00054057.mp4 using Guid(ae937963e2bcb412b90bf5f9786ea815) Importer(815301076,1909f56bfc062723c751e8b465ee728b)  -> (artifact id: '2951239f1298c935c930acc0cabda0a1') in 0.001992 seconds
  Import took 0.005518 seconds .

========================================================================
Received Import Request.
  Time since last request: 0.005675 seconds.
  path: Assets/Scenes/60/00054057.mp4
  artifactKey: Guid(ae937963e2bcb412b90bf5f9786ea815) Importer(815301076,1909f56bfc062723c751e8b465ee728b)
Start importing Assets/Scenes/60/00054057.mp4 using Guid(ae937963e2bcb412b90bf5f9786ea815) Importer(815301076,1909f56bfc062723c751e8b465ee728b)  -> (artifact id: '2951239f1298c935c930acc0cabda0a1') in 0.001722 seconds
  Import took 0.004267 seconds .

========================================================================
Received Import Request.
  Time since last request: 39.232497 seconds.
  path: Assets/Scenes/create_object.cs
  artifactKey: Guid(e01c8e71d4daf4e9c851c9b8a6c7de30) Importer(815301076,1909f56bfc062723c751e8b465ee728b)
Start importing Assets/Scenes/create_object.cs using Guid(e01c8e71d4daf4e9c851c9b8a6c7de30) Importer(815301076,1909f56bfc062723c751e8b465ee728b)  -> (artifact id: 'ad29c4585559345e73921cfa0338630d') in 0.002440 seconds
  Import took 0.005280 seconds .

========================================================================
Received Prepare
Registering precompiled user dll's ...
Registered in 0.001163 seconds.
Begin MonoManager ReloadAssembly
Native extension for OSXStandalone target not found
Refreshing native plugins compatible for Editor in 0.25 ms, found 3 plugins.
Preloading 0 native plugins for Editor in 0.00 ms.
Invoked RoslynAnalysisRunner static constructor.
RoslynAnalysisRunner will not be running.
RoslynAnalysisRunner has terminated.
Mono: successfully reloaded assembly
- Completed reload, in  1.650 seconds
Platform modules already initialized, skipping
Refreshing native plugins compatible for Editor in 0.20 ms, found 3 plugins.
Preloading 0 native plugins for Editor in 0.00 ms.
Unloading 1253 Unused Serialized files (Serialized files now loaded: 0)
System memory in use before: 123.4 MB.
System memory in use after: 123.4 MB.

Unloading 12 unused Assets to reduce memory usage. Loaded Objects now: 1706.
Total: 1.147209 ms (FindLiveObjects: 0.093792 ms CreateObjectMapping: 0.026833 ms MarkObjects: 0.982708 ms  DeleteObjects: 0.043000 ms)

========================================================================
Received Prepare
Registering precompiled user dll's ...
Registered in 0.000427 seconds.
Begin MonoManager ReloadAssembly
Native extension for OSXStandalone target not found
Refreshing native plugins compatible for Editor in 0.26 ms, found 3 plugins.
Preloading 0 native plugins for Editor in 0.00 ms.
Invoked RoslynAnalysisRunner static constructor.
RoslynAnalysisRunner will not be running.
RoslynAnalysisRunner has terminated.
Mono: successfully reloaded assembly
- Completed reload, in  1.660 seconds
Platform modules already initialized, skipping
Refreshing native plugins compatible for Editor in 0.24 ms, found 3 plugins.
Preloading 0 native plugins for Editor in 0.00 ms.
Unloading 1253 Unused Serialized files (Serialized files now loaded: 0)
System memory in use before: 123.5 MB.
System memory in use after: 123.6 MB.

Unloading 12 unused Assets to reduce memory usage. Loaded Objects now: 1709.
Total: 1.080042 ms (FindLiveObjects: 0.092375 ms CreateObjectMapping: 0.025667 ms MarkObjects: 0.919083 ms  DeleteObjects: 0.042292 ms)

========================================================================
Received Import Request.
  Time since last request: 38.902091 seconds.
  path: Assets/Scenes/create_object.cs
  artifactKey: Guid(e01c8e71d4daf4e9c851c9b8a6c7de30) Importer(815301076,1909f56bfc062723c751e8b465ee728b)
Start importing Assets/Scenes/create_object.cs using Guid(e01c8e71d4daf4e9c851c9b8a6c7de30) Importer(815301076,1909f56bfc062723c751e8b465ee728b)  -> (artifact id: '591dd083f4f0d3f4fb0f6c9d5bf70a09') in 0.005077 seconds
  Import took 0.006433 seconds .

========================================================================
Received Prepare
Registering precompiled user dll's ...
Registered in 0.001059 seconds.
Begin MonoManager ReloadAssembly
Native extension for OSXStandalone target not found
Refreshing native plugins compatible for Editor in 0.24 ms, found 3 plugins.
Preloading 0 native plugins for Editor in 0.00 ms.
Invoked RoslynAnalysisRunner static constructor.
RoslynAnalysisRunner will not be running.
RoslynAnalysisRunner has terminated.
Mono: successfully reloaded assembly
- Completed reload, in  1.546 seconds
Platform modules already initialized, skipping
Refreshing native plugins compatible for Editor in 0.21 ms, found 3 plugins.
Preloading 0 native plugins for Editor in 0.00 ms.
Unloading 1253 Unused Serialized files (Serialized files now loaded: 0)
System memory in use before: 123.7 MB.
System memory in use after: 123.8 MB.

Unloading 12 unused Assets to reduce memory usage. Loaded Objects now: 1712.
Total: 1.176583 ms (FindLiveObjects: 0.120792 ms CreateObjectMapping: 0.027166 ms MarkObjects: 0.975375 ms  DeleteObjects: 0.052583 ms)

========================================================================
Received Import Request.
  Time since last request: 97.520122 seconds.
  path: Assets/Scenes/60/00054057.mp4
  artifactKey: Guid(ae937963e2bcb412b90bf5f9786ea815) Importer(815301076,1909f56bfc062723c751e8b465ee728b)
Start importing Assets/Scenes/60/00054057.mp4 using Guid(ae937963e2bcb412b90bf5f9786ea815) Importer(815301076,1909f56bfc062723c751e8b465ee728b)  -> (artifact id: '1d72020b233d7f5005a9965db9ee2a79') in 0.021833 seconds
  Import took 0.023727 seconds .

========================================================================
Received Import Request.
  Time since last request: 0.919403 seconds.
  path: Assets/Scenes/60/00057691.mp4
  artifactKey: Guid(3e728526ae78c4ef9b718e9552db6ba5) Importer(815301076,1909f56bfc062723c751e8b465ee728b)
Start importing Assets/Scenes/60/00057691.mp4 using Guid(3e728526ae78c4ef9b718e9552db6ba5) Importer(815301076,1909f56bfc062723c751e8b465ee728b)  -> (artifact id: '00000000000000000000000000000000') in 0.001217 seconds
  ERROR: Build asset version error: assets/scenes/60/00057691.mp4 in SourceAssetDB has modification time of '2021-05-22T11:08:21Z' while content on disk has modification time of '2021-05-22T11:09:16Z'
  Import took 0.002862 seconds .

========================================================================
Received Import Request.
  Time since last request: 0.110653 seconds.
  path: Assets/Scenes/60/00057691.mp4
  artifactKey: Guid(3e728526ae78c4ef9b718e9552db6ba5) Importer(815301076,1909f56bfc062723c751e8b465ee728b)
Start importing Assets/Scenes/60/00057691.mp4 using Guid(3e728526ae78c4ef9b718e9552db6ba5) Importer(815301076,1909f56bfc062723c751e8b465ee728b)  -> (artifact id: '00000000000000000000000000000000') in 0.000765 seconds
  ERROR: Build asset version error: assets/scenes/60/00057691.mp4 in SourceAssetDB has modification time of '2021-05-22T11:08:21Z' while content on disk has modification time of '2021-05-22T11:09:16Z'
  Import took 0.002289 seconds .

========================================================================
Received Import Request.
  Time since last request: 0.023443 seconds.
  path: Assets/Scenes/60/00057691.mp4
  artifactKey: Guid(3e728526ae78c4ef9b718e9552db6ba5) Importer(815301076,1909f56bfc062723c751e8b465ee728b)
Start importing Assets/Scenes/60/00057691.mp4 using Guid(3e728526ae78c4ef9b718e9552db6ba5) Importer(815301076,1909f56bfc062723c751e8b465ee728b)  -> (artifact id: '00000000000000000000000000000000') in 0.000769 seconds
  ERROR: Build asset version error: assets/scenes/60/00057691.mp4 in SourceAssetDB has modification time of '2021-05-22T11:08:21Z' while content on disk has modification time of '2021-05-22T11:09:16Z'
  Import took 0.002331 seconds .

========================================================================
Received Import Request.
  Time since last request: 0.014264 seconds.
  path: Assets/Scenes/60/00057691.mp4
  artifactKey: Guid(3e728526ae78c4ef9b718e9552db6ba5) Importer(815301076,1909f56bfc062723c751e8b465ee728b)
Start importing Assets/Scenes/60/00057691.mp4 using Guid(3e728526ae78c4ef9b718e9552db6ba5) Importer(815301076,1909f56bfc062723c751e8b465ee728b)  -> (artifact id: '00000000000000000000000000000000') in 0.000948 seconds
  ERROR: Build asset version error: assets/scenes/60/00057691.mp4 in SourceAssetDB has modification time of '2021-05-22T11:08:21Z' while content on disk has modification time of '2021-05-22T11:09:16Z'
  Import took 0.002824 seconds .

========================================================================
Received Import Request.
  Time since last request: 0.032498 seconds.
  path: Assets/Scenes/60/00057691.mp4
  artifactKey: Guid(3e728526ae78c4ef9b718e9552db6ba5) Importer(815301076,1909f56bfc062723c751e8b465ee728b)
Start importing Assets/Scenes/60/00057691.mp4 using Guid(3e728526ae78c4ef9b718e9552db6ba5) Importer(815301076,1909f56bfc062723c751e8b465ee728b)  -> (artifact id: '00000000000000000000000000000000') in 0.000804 seconds
  ERROR: Build asset version error: assets/scenes/60/00057691.mp4 in SourceAssetDB has modification time of '2021-05-22T11:08:21Z' while content on disk has modification time of '2021-05-22T11:09:16Z'
  Import took 0.002512 seconds .

========================================================================
Received Import Request.
  Time since last request: 0.041735 seconds.
  path: Assets/Scenes/60/00057691.mp4
  artifactKey: Guid(3e728526ae78c4ef9b718e9552db6ba5) Importer(815301076,1909f56bfc062723c751e8b465ee728b)
Start importing Assets/Scenes/60/00057691.mp4 using Guid(3e728526ae78c4ef9b718e9552db6ba5) Importer(815301076,1909f56bfc062723c751e8b465ee728b)  -> (artifact id: '00000000000000000000000000000000') in 0.000938 seconds
  ERROR: Build asset version error: assets/scenes/60/00057691.mp4 in SourceAssetDB has modification time of '2021-05-22T11:08:21Z' while content on disk has modification time of '2021-05-22T11:09:16Z'
  Import took 0.002825 seconds .

========================================================================
Received Import Request.
  Time since last request: 0.047540 seconds.
  path: Assets/Scenes/60/00057691.mp4
  artifactKey: Guid(3e728526ae78c4ef9b718e9552db6ba5) Importer(815301076,1909f56bfc062723c751e8b465ee728b)
Start importing Assets/Scenes/60/00057691.mp4 using Guid(3e728526ae78c4ef9b718e9552db6ba5) Importer(815301076,1909f56bfc062723c751e8b465ee728b)  -> (artifact id: '00000000000000000000000000000000') in 0.000933 seconds
  ERROR: Build asset version error: assets/scenes/60/00057691.mp4 in SourceAssetDB has modification time of '2021-05-22T11:08:21Z' while content on disk has modification time of '2021-05-22T11:09:16Z'
  Import took 0.002762 seconds .

========================================================================
Received Import Request.
  Time since last request: 0.047030 seconds.
  path: Assets/Scenes/60/00057691.mp4
  artifactKey: Guid(3e728526ae78c4ef9b718e9552db6ba5) Importer(815301076,1909f56bfc062723c751e8b465ee728b)
Start importing Assets/Scenes/60/00057691.mp4 using Guid(3e728526ae78c4ef9b718e9552db6ba5) Importer(815301076,1909f56bfc062723c751e8b465ee728b)  -> (artifact id: '00000000000000000000000000000000') in 0.000986 seconds
  ERROR: Build asset version error: assets/scenes/60/00057691.mp4 in SourceAssetDB has modification time of '2021-05-22T11:08:21Z' while content on disk has modification time of '2021-05-22T11:09:16Z'
  Import took 0.003041 seconds .

========================================================================
Received Import Request.
  Time since last request: 0.046891 seconds.
  path: Assets/Scenes/60/00057691.mp4
  artifactKey: Guid(3e728526ae78c4ef9b718e9552db6ba5) Importer(815301076,1909f56bfc062723c751e8b465ee728b)
Start importing Assets/Scenes/60/00057691.mp4 using Guid(3e728526ae78c4ef9b718e9552db6ba5) Importer(815301076,1909f56bfc062723c751e8b465ee728b)  -> (artifact id: '00000000000000000000000000000000') in 0.000993 seconds
  ERROR: Build asset version error: assets/scenes/60/00057691.mp4 in SourceAssetDB has modification time of '2021-05-22T11:08:21Z' while content on disk has modification time of '2021-05-22T11:09:16Z'
  Import took 0.002990 seconds .

========================================================================
Received Import Request.
  Time since last request: 0.046995 seconds.
  path: Assets/Scenes/60/00057691.mp4
  artifactKey: Guid(3e728526ae78c4ef9b718e9552db6ba5) Importer(815301076,1909f56bfc062723c751e8b465ee728b)
Start importing Assets/Scenes/60/00057691.mp4 using Guid(3e728526ae78c4ef9b718e9552db6ba5) Importer(815301076,1909f56bfc062723c751e8b465ee728b)  -> (artifact id: '00000000000000000000000000000000') in 0.000959 seconds
  ERROR: Build asset version error: assets/scenes/60/00057691.mp4 in SourceAssetDB has modification time of '2021-05-22T11:08:21Z' while content on disk has modification time of '2021-05-22T11:09:16Z'
  Import took 0.002959 seconds .

========================================================================
Received Import Request.
  Time since last request: 0.046893 seconds.
  path: Assets/Scenes/60/00057691.mp4
  artifactKey: Guid(3e728526ae78c4ef9b718e9552db6ba5) Importer(815301076,1909f56bfc062723c751e8b465ee728b)
Start importing Assets/Scenes/60/00057691.mp4 using Guid(3e728526ae78c4ef9b718e9552db6ba5) Importer(815301076,1909f56bfc062723c751e8b465ee728b)  -> (artifact id: '00000000000000000000000000000000') in 0.000947 seconds
  ERROR: Build asset version error: assets/scenes/60/00057691.mp4 in SourceAssetDB has modification time of '2021-05-22T11:08:21Z' while content on disk has modification time of '2021-05-22T11:09:16Z'
  Import took 0.002965 seconds .

========================================================================
Received Prepare
Registering precompiled user dll's ...
Registered in 0.001114 seconds.
Begin MonoManager ReloadAssembly
Native extension for OSXStandalone target not found
Refreshing native plugins compatible for Editor in 0.25 ms, found 3 plugins.
Preloading 0 native plugins for Editor in 0.00 ms.
Invoked RoslynAnalysisRunner static constructor.
RoslynAnalysisRunner will not be running.
RoslynAnalysisRunner has terminated.
Mono: successfully reloaded assembly
- Completed reload, in  1.731 seconds
Platform modules already initialized, skipping
Refreshing native plugins compatible for Editor in 0.25 ms, found 3 plugins.
Preloading 0 native plugins for Editor in 0.00 ms.
Unloading 1253 Unused Serialized files (Serialized files now loaded: 0)
System memory in use before: 123.9 MB.
System memory in use after: 124.0 MB.

Unloading 12 unused Assets to reduce memory usage. Loaded Objects now: 1715.
Total: 1.276375 ms (FindLiveObjects: 0.120375 ms CreateObjectMapping: 0.034375 ms MarkObjects: 1.068334 ms  DeleteObjects: 0.052458 ms)

========================================================================
Received Import Request.
  Time since last request: 205.670636 seconds.
  path: Assets/Scenes/thirty.cs
  artifactKey: Guid(11607aec881964f2ab626a71c5884cf4) Importer(815301076,1909f56bfc062723c751e8b465ee728b)
Start importing Assets/Scenes/thirty.cs using Guid(11607aec881964f2ab626a71c5884cf4) Importer(815301076,1909f56bfc062723c751e8b465ee728b)  -> (artifact id: 'f4de1e93cdb07a391e880cbf10945c71') in 0.004832 seconds
  Import took 0.006348 seconds .

========================================================================
Received Import Request.
  Time since last request: 4.162908 seconds.
  path: Assets/Scenes/thirty.cs
  artifactKey: Guid(11607aec881964f2ab626a71c5884cf4) Importer(815301076,1909f56bfc062723c751e8b465ee728b)
Start importing Assets/Scenes/thirty.cs using Guid(11607aec881964f2ab626a71c5884cf4) Importer(815301076,1909f56bfc062723c751e8b465ee728b)  -> (artifact id: 'f4de1e93cdb07a391e880cbf10945c71') in 0.001071 seconds
  Import took 0.002699 seconds .

========================================================================
Received Prepare
Registering precompiled user dll's ...
Registered in 0.000884 seconds.
Begin MonoManager ReloadAssembly
Native extension for OSXStandalone target not found
Refreshing native plugins compatible for Editor in 0.28 ms, found 3 plugins.
Preloading 0 native plugins for Editor in 0.00 ms.
Invoked RoslynAnalysisRunner static constructor.
RoslynAnalysisRunner will not be running.
RoslynAnalysisRunner has terminated.
Mono: successfully reloaded assembly
- Completed reload, in  1.608 seconds
Platform modules already initialized, skipping
Refreshing native plugins compatible for Editor in 0.20 ms, found 3 plugins.
Preloading 0 native plugins for Editor in 0.00 ms.
Unloading 1253 Unused Serialized files (Serialized files now loaded: 0)
System memory in use before: 124.1 MB.
System memory in use after: 124.2 MB.

Unloading 12 unused Assets to reduce memory usage. Loaded Objects now: 1718.
Total: 1.127542 ms (FindLiveObjects: 0.164083 ms CreateObjectMapping: 0.028625 ms MarkObjects: 0.890750 ms  DeleteObjects: 0.042959 ms)

========================================================================
Received Prepare
Registering precompiled user dll's ...
Registered in 0.001540 seconds.
Begin MonoManager ReloadAssembly
Native extension for OSXStandalone target not found
Refreshing native plugins compatible for Editor in 0.26 ms, found 3 plugins.
Preloading 0 native plugins for Editor in 0.00 ms.
Invoked RoslynAnalysisRunner static constructor.
RoslynAnalysisRunner will not be running.
RoslynAnalysisRunner has terminated.
Mono: successfully reloaded assembly
- Completed reload, in  1.697 seconds
Platform modules already initialized, skipping
Refreshing native plugins compatible for Editor in 0.24 ms, found 3 plugins.
Preloading 0 native plugins for Editor in 0.00 ms.
Unloading 1253 Unused Serialized files (Serialized files now loaded: 0)
System memory in use before: 124.3 MB.
System memory in use after: 124.4 MB.

Unloading 12 unused Assets to reduce memory usage. Loaded Objects now: 1721.
Total: 1.231375 ms (FindLiveObjects: 0.175792 ms CreateObjectMapping: 0.026291 ms MarkObjects: 0.977292 ms  DeleteObjects: 0.051041 ms)

========================================================================
Received Prepare
Registering precompiled user dll's ...
Registered in 0.001080 seconds.
Begin MonoManager ReloadAssembly
Native extension for OSXStandalone target not found
Refreshing native plugins compatible for Editor in 0.25 ms, found 3 plugins.
Preloading 0 native plugins for Editor in 0.00 ms.
Invoked RoslynAnalysisRunner static constructor.
RoslynAnalysisRunner will not be running.
RoslynAnalysisRunner has terminated.
Mono: successfully reloaded assembly
- Completed reload, in  1.615 seconds
Platform modules already initialized, skipping
Refreshing native plugins compatible for Editor in 0.20 ms, found 3 plugins.
Preloading 0 native plugins for Editor in 0.00 ms.
Unloading 1253 Unused Serialized files (Serialized files now loaded: 0)
System memory in use before: 124.5 MB.
System memory in use after: 124.6 MB.

Unloading 12 unused Assets to reduce memory usage. Loaded Objects now: 1724.
Total: 1.159792 ms (FindLiveObjects: 0.097958 ms CreateObjectMapping: 0.027083 ms MarkObjects: 0.989916 ms  DeleteObjects: 0.044000 ms)

========================================================================
Received Prepare
Registering precompiled user dll's ...
Registered in 0.001522 seconds.
Begin MonoManager ReloadAssembly
Native extension for OSXStandalone target not found
Refreshing native plugins compatible for Editor in 0.25 ms, found 3 plugins.
Preloading 0 native plugins for Editor in 0.00 ms.
Invoked RoslynAnalysisRunner static constructor.
RoslynAnalysisRunner will not be running.
RoslynAnalysisRunner has terminated.
Mono: successfully reloaded assembly
- Completed reload, in  1.640 seconds
Platform modules already initialized, skipping
Refreshing native plugins compatible for Editor in 0.21 ms, found 3 plugins.
Preloading 0 native plugins for Editor in 0.00 ms.
Unloading 1253 Unused Serialized files (Serialized files now loaded: 0)
System memory in use before: 124.7 MB.
System memory in use after: 124.8 MB.

Unloading 12 unused Assets to reduce memory usage. Loaded Objects now: 1727.
Total: 1.140500 ms (FindLiveObjects: 0.083875 ms CreateObjectMapping: 0.024959 ms MarkObjects: 0.988084 ms  DeleteObjects: 0.043000 ms)

========================================================================
Received Import Request.
  Time since last request: 801.249128 seconds.
  path: Assets/Scenes/30/00054057.mp4
  artifactKey: Guid(6b238e02089f746ea9aa893bd614ead7) Importer(815301076,1909f56bfc062723c751e8b465ee728b)
Start importing Assets/Scenes/30/00054057.mp4 using Guid(6b238e02089f746ea9aa893bd614ead7) Importer(815301076,1909f56bfc062723c751e8b465ee728b)  -> (artifact id: '13851caa21527a1f114872e2c716a9f0') in 0.029301 seconds
  Import took 0.031802 seconds .

========================================================================
Received Import Request.
  Time since last request: 0.000261 seconds.
  path: Assets/Scenes/30/00057691.mp4
  artifactKey: Guid(a5dd7ffb3763848fc96fc26814d13b63) Importer(815301076,1909f56bfc062723c751e8b465ee728b)
Start importing Assets/Scenes/30/00057691.mp4 using Guid(a5dd7ffb3763848fc96fc26814d13b63) Importer(815301076,1909f56bfc062723c751e8b465ee728b)  -> (artifact id: '51e92bb8d8eebe562893cb213e77f9da') in 0.001934 seconds
  Import took 0.003525 seconds .

========================================================================
Received Import Request.
  Time since last request: 0.000192 seconds.
  path: Assets/Scenes/30/ob.mp4
  artifactKey: Guid(8594fcd43cb7142d1a7fd78833e32494) Importer(815301076,1909f56bfc062723c751e8b465ee728b)
Start importing Assets/Scenes/30/ob.mp4 using Guid(8594fcd43cb7142d1a7fd78833e32494) Importer(815301076,1909f56bfc062723c751e8b465ee728b)  -> (artifact id: '590834f64dce00f01585f6b8244e3f17') in 0.001308 seconds
  Import took 0.002802 seconds .

========================================================================
Received Prepare
Registering precompiled user dll's ...
Registered in 0.001126 seconds.
Begin MonoManager ReloadAssembly
Native extension for OSXStandalone target not found
Refreshing native plugins compatible for Editor in 0.25 ms, found 3 plugins.
Preloading 0 native plugins for Editor in 0.00 ms.
Invoked RoslynAnalysisRunner static constructor.
RoslynAnalysisRunner will not be running.
RoslynAnalysisRunner has terminated.
Mono: successfully reloaded assembly
- Completed reload, in  1.599 seconds
Platform modules already initialized, skipping
Refreshing native plugins compatible for Editor in 0.25 ms, found 3 plugins.
Preloading 0 native plugins for Editor in 0.00 ms.
Unloading 1253 Unused Serialized files (Serialized files now loaded: 0)
System memory in use before: 124.9 MB.
System memory in use after: 125.0 MB.

Unloading 12 unused Assets to reduce memory usage. Loaded Objects now: 1730.
Total: 1.197542 ms (FindLiveObjects: 0.126041 ms CreateObjectMapping: 0.027167 ms MarkObjects: 0.995541 ms  DeleteObjects: 0.048000 ms)

========================================================================
Received Prepare
Registering precompiled user dll's ...
Registered in 0.000503 seconds.
Begin MonoManager ReloadAssembly
Native extension for OSXStandalone target not found
Refreshing native plugins compatible for Editor in 0.26 ms, found 3 plugins.
Preloading 0 native plugins for Editor in 0.00 ms.
Invoked RoslynAnalysisRunner static constructor.
RoslynAnalysisRunner will not be running.
RoslynAnalysisRunner has terminated.
Mono: successfully reloaded assembly
- Completed reload, in  1.606 seconds
Platform modules already initialized, skipping
Refreshing native plugins compatible for Editor in 0.21 ms, found 3 plugins.
Preloading 0 native plugins for Editor in 0.00 ms.
Unloading 1253 Unused Serialized files (Serialized files now loaded: 0)
System memory in use before: 125.1 MB.
System memory in use after: 125.2 MB.

Unloading 12 unused Assets to reduce memory usage. Loaded Objects now: 1733.
Total: 1.119042 ms (FindLiveObjects: 0.108625 ms CreateObjectMapping: 0.025375 ms MarkObjects: 0.940459 ms  DeleteObjects: 0.043916 ms)

========================================================================
Received Import Request.
  Time since last request: 67.397512 seconds.
  path: Assets/Scenes/30/00054057.mp4
  artifactKey: Guid(6b238e02089f746ea9aa893bd614ead7) Importer(815301076,1909f56bfc062723c751e8b465ee728b)
Start importing Assets/Scenes/30/00054057.mp4 using Guid(6b238e02089f746ea9aa893bd614ead7) Importer(815301076,1909f56bfc062723c751e8b465ee728b)  -> (artifact id: 'ec713e69c28975b22923b11f17023b90') in 0.021401 seconds
  Import took 0.023119 seconds .

========================================================================
Received Import Request.
  Time since last request: 0.171045 seconds.
  path: Assets/Scenes/30/00054057.mp4
  artifactKey: Guid(6b238e02089f746ea9aa893bd614ead7) Importer(815301076,1909f56bfc062723c751e8b465ee728b)
Start importing Assets/Scenes/30/00054057.mp4 using Guid(6b238e02089f746ea9aa893bd614ead7) Importer(815301076,1909f56bfc062723c751e8b465ee728b)  -> (artifact id: 'ec713e69c28975b22923b11f17023b90') in 0.001574 seconds
  Import took 0.003247 seconds .

========================================================================
Received Import Request.
  Time since last request: 0.071117 seconds.
  path: Assets/Scenes/30/00057691.mp4
  artifactKey: Guid(a5dd7ffb3763848fc96fc26814d13b63) Importer(815301076,1909f56bfc062723c751e8b465ee728b)
Start importing Assets/Scenes/30/00057691.mp4 using Guid(a5dd7ffb3763848fc96fc26814d13b63) Importer(815301076,1909f56bfc062723c751e8b465ee728b)  -> (artifact id: '304ab19372c3b5d12414e0ab2e789741') in 0.001721 seconds
  Import took 0.003393 seconds .

========================================================================
Received Import Request.
  Time since last request: 3.717984 seconds.
  path: Assets/Scenes/60/00054057.mp4
  artifactKey: Guid(ae937963e2bcb412b90bf5f9786ea815) Importer(815301076,1909f56bfc062723c751e8b465ee728b)
Start importing Assets/Scenes/60/00054057.mp4 using Guid(ae937963e2bcb412b90bf5f9786ea815) Importer(815301076,1909f56bfc062723c751e8b465ee728b)  -> (artifact id: 'f9be3b463a1df258f8b8154dac944a26') in 0.001581 seconds
  Import took 0.003540 seconds .

========================================================================
Received Import Request.
  Time since last request: 0.296454 seconds.
  path: Assets/Scenes/60/00057691.mp4
  artifactKey: Guid(3e728526ae78c4ef9b718e9552db6ba5) Importer(815301076,1909f56bfc062723c751e8b465ee728b)
Start importing Assets/Scenes/60/00057691.mp4 using Guid(3e728526ae78c4ef9b718e9552db6ba5) Importer(815301076,1909f56bfc062723c751e8b465ee728b)  -> (artifact id: '57207809089d4e8e24c3946322aab9ab') in 0.001315 seconds
  Import took 0.003102 seconds .

========================================================================
Received Import Request.
  Time since last request: 2.171669 seconds.
  path: Assets/Scenes/45/00054057.mp4
  artifactKey: Guid(76d78b6d8a5f74c1485e9bc9a80e3f93) Importer(815301076,1909f56bfc062723c751e8b465ee728b)
Start importing Assets/Scenes/45/00054057.mp4 using Guid(76d78b6d8a5f74c1485e9bc9a80e3f93) Importer(815301076,1909f56bfc062723c751e8b465ee728b)  -> (artifact id: '1a64cf4bb91ed8e3568659964a6895c3') in 0.002163 seconds
  Import took 0.005139 seconds .

========================================================================
Received Prepare
Registering precompiled user dll's ...
Registered in 0.001351 seconds.
Begin MonoManager ReloadAssembly
Native extension for OSXStandalone target not found
Refreshing native plugins compatible for Editor in 0.24 ms, found 3 plugins.
Preloading 0 native plugins for Editor in 0.00 ms.
Invoked RoslynAnalysisRunner static constructor.
RoslynAnalysisRunner will not be running.
RoslynAnalysisRunner has terminated.
Mono: successfully reloaded assembly
- Completed reload, in  1.616 seconds
Platform modules already initialized, skipping
Refreshing native plugins compatible for Editor in 0.23 ms, found 3 plugins.
Preloading 0 native plugins for Editor in 0.00 ms.
Unloading 1253 Unused Serialized files (Serialized files now loaded: 0)
System memory in use before: 125.3 MB.
System memory in use after: 125.4 MB.

Unloading 12 unused Assets to reduce memory usage. Loaded Objects now: 1736.
Total: 1.136666 ms (FindLiveObjects: 0.084333 ms CreateObjectMapping: 0.027125 ms MarkObjects: 0.980208 ms  DeleteObjects: 0.044333 ms)

========================================================================
Received Prepare
Registering precompiled user dll's ...
Registered in 0.001465 seconds.
Begin MonoManager ReloadAssembly
Native extension for OSXStandalone target not found
Refreshing native plugins compatible for Editor in 0.30 ms, found 3 plugins.
Preloading 0 native plugins for Editor in 0.00 ms.
Invoked RoslynAnalysisRunner static constructor.
RoslynAnalysisRunner will not be running.
RoslynAnalysisRunner has terminated.
Mono: successfully reloaded assembly
- Completed reload, in  1.575 seconds
Platform modules already initialized, skipping
Refreshing native plugins compatible for Editor in 0.20 ms, found 3 plugins.
Preloading 0 native plugins for Editor in 0.00 ms.
Unloading 1253 Unused Serialized files (Serialized files now loaded: 0)
System memory in use before: 125.5 MB.
System memory in use after: 125.6 MB.

Unloading 12 unused Assets to reduce memory usage. Loaded Objects now: 1739.
Total: 1.049375 ms (FindLiveObjects: 0.095000 ms CreateObjectMapping: 0.025792 ms MarkObjects: 0.884916 ms  DeleteObjects: 0.043042 ms)

========================================================================
Received Prepare
Registering precompiled user dll's ...
Registered in 0.000639 seconds.
Begin MonoManager ReloadAssembly
Native extension for OSXStandalone target not found
Refreshing native plugins compatible for Editor in 0.40 ms, found 3 plugins.
Preloading 0 native plugins for Editor in 0.00 ms.
Invoked RoslynAnalysisRunner static constructor.
RoslynAnalysisRunner will not be running.
RoslynAnalysisRunner has terminated.
Mono: successfully reloaded assembly
- Completed reload, in  1.719 seconds
Platform modules already initialized, skipping
Refreshing native plugins compatible for Editor in 0.24 ms, found 3 plugins.
Preloading 0 native plugins for Editor in 0.00 ms.
Unloading 1253 Unused Serialized files (Serialized files now loaded: 0)
System memory in use before: 125.7 MB.
System memory in use after: 125.7 MB.

Unloading 12 unused Assets to reduce memory usage. Loaded Objects now: 1742.
Total: 1.251541 ms (FindLiveObjects: 0.208208 ms CreateObjectMapping: 0.028042 ms MarkObjects: 0.964250 ms  DeleteObjects: 0.050292 ms)

========================================================================
Received Prepare
Registering precompiled user dll's ...
Registered in 0.000544 seconds.
Begin MonoManager ReloadAssembly
Native extension for OSXStandalone target not found
Refreshing native plugins compatible for Editor in 0.24 ms, found 3 plugins.
Preloading 0 native plugins for Editor in 0.00 ms.
Invoked RoslynAnalysisRunner static constructor.
RoslynAnalysisRunner will not be running.
RoslynAnalysisRunner has terminated.
Mono: successfully reloaded assembly
- Completed reload, in  1.534 seconds
Platform modules already initialized, skipping
Refreshing native plugins compatible for Editor in 0.20 ms, found 3 plugins.
Preloading 0 native plugins for Editor in 0.00 ms.
Unloading 1253 Unused Serialized files (Serialized files now loaded: 0)
System memory in use before: 125.8 MB.
System memory in use after: 125.9 MB.

Unloading 12 unused Assets to reduce memory usage. Loaded Objects now: 1745.
Total: 1.150125 ms (FindLiveObjects: 0.087792 ms CreateObjectMapping: 0.027292 ms MarkObjects: 0.989709 ms  DeleteObjects: 0.044709 ms)

========================================================================
Received Import Request.
  Time since last request: 632.669392 seconds.
  path: Assets/Scenes/resources/test
  artifactKey: Guid(cd006d1b7acca41c997512f4e2144695) Importer(815301076,1909f56bfc062723c751e8b465ee728b)
Start importing Assets/Scenes/resources/test using Guid(cd006d1b7acca41c997512f4e2144695) Importer(815301076,1909f56bfc062723c751e8b465ee728b)  -> (artifact id: '30e361f6752206f8a8d56a180240eb14') in 0.004702 seconds
  Import took 0.006381 seconds .

========================================================================
Received Prepare
Registering precompiled user dll's ...
Registered in 0.000607 seconds.
Begin MonoManager ReloadAssembly
Native extension for OSXStandalone target not found
Refreshing native plugins compatible for Editor in 0.26 ms, found 3 plugins.
Preloading 0 native plugins for Editor in 0.00 ms.
Invoked RoslynAnalysisRunner static constructor.
RoslynAnalysisRunner will not be running.
RoslynAnalysisRunner has terminated.
Mono: successfully reloaded assembly
- Completed reload, in  1.714 seconds
Platform modules already initialized, skipping
Refreshing native plugins compatible for Editor in 0.24 ms, found 3 plugins.
Preloading 0 native plugins for Editor in 0.00 ms.
Unloading 1253 Unused Serialized files (Serialized files now loaded: 0)
System memory in use before: 126.0 MB.
System memory in use after: 126.1 MB.

Unloading 12 unused Assets to reduce memory usage. Loaded Objects now: 1748.
Total: 1.263000 ms (FindLiveObjects: 0.132708 ms CreateObjectMapping: 0.025958 ms MarkObjects: 1.039750 ms  DeleteObjects: 0.063708 ms)

========================================================================
Received Prepare
Registering precompiled user dll's ...
Registered in 0.000998 seconds.
Begin MonoManager ReloadAssembly
Native extension for OSXStandalone target not found
Refreshing native plugins compatible for Editor in 0.25 ms, found 3 plugins.
Preloading 0 native plugins for Editor in 0.00 ms.
Invoked RoslynAnalysisRunner static constructor.
RoslynAnalysisRunner will not be running.
RoslynAnalysisRunner has terminated.
Mono: successfully reloaded assembly
- Completed reload, in  1.674 seconds
Platform modules already initialized, skipping
Refreshing native plugins compatible for Editor in 0.24 ms, found 3 plugins.
Preloading 0 native plugins for Editor in 0.00 ms.
Unloading 1253 Unused Serialized files (Serialized files now loaded: 0)
System memory in use before: 126.2 MB.
System memory in use after: 126.3 MB.

Unloading 12 unused Assets to reduce memory usage. Loaded Objects now: 1751.
Total: 1.247625 ms (FindLiveObjects: 0.158916 ms CreateObjectMapping: 0.025583 ms MarkObjects: 1.001959 ms  DeleteObjects: 0.060333 ms)

========================================================================
Received Import Request.
  Time since last request: 356.998806 seconds.
  path: Assets/Scenes/60/00054057.mp4
  artifactKey: Guid(ae937963e2bcb412b90bf5f9786ea815) Importer(815301076,1909f56bfc062723c751e8b465ee728b)
Start importing Assets/Scenes/60/00054057.mp4 using Guid(ae937963e2bcb412b90bf5f9786ea815) Importer(815301076,1909f56bfc062723c751e8b465ee728b)  -> (artifact id: '00000000000000000000000000000000') in 0.020002 seconds
  ERROR: Build asset version error: assets/scenes/60/00054057.mp4 in SourceAssetDB has modification time of '2021-05-22T11:40:18Z' while content on disk has modification time of '2021-05-22T11:43:25Z'
  Import took 0.021658 seconds .

========================================================================
Received Import Request.
  Time since last request: 0.130042 seconds.
  path: Assets/Scenes/60/00054057.mp4
  artifactKey: Guid(ae937963e2bcb412b90bf5f9786ea815) Importer(815301076,1909f56bfc062723c751e8b465ee728b)
Start importing Assets/Scenes/60/00054057.mp4 using Guid(ae937963e2bcb412b90bf5f9786ea815) Importer(815301076,1909f56bfc062723c751e8b465ee728b)  -> (artifact id: '00000000000000000000000000000000') in 0.001108 seconds
  ERROR: Build asset version error: assets/scenes/60/00054057.mp4 in SourceAssetDB has modification time of '2021-05-22T11:40:18Z' while content on disk has modification time of '2021-05-22T11:43:25Z'
  Import took 0.002666 seconds .

========================================================================
Received Import Request.
  Time since last request: 0.044548 seconds.
  path: Assets/Scenes/60/00054057.mp4
  artifactKey: Guid(ae937963e2bcb412b90bf5f9786ea815) Importer(815301076,1909f56bfc062723c751e8b465ee728b)
Start importing Assets/Scenes/60/00054057.mp4 using Guid(ae937963e2bcb412b90bf5f9786ea815) Importer(815301076,1909f56bfc062723c751e8b465ee728b)  -> (artifact id: '00000000000000000000000000000000') in 0.000716 seconds
  ERROR: Build asset version error: assets/scenes/60/00054057.mp4 in SourceAssetDB has modification time of '2021-05-22T11:40:18Z' while content on disk has modification time of '2021-05-22T11:43:25Z'
  Import took 0.002338 seconds .

========================================================================
Received Import Request.
  Time since last request: 0.017524 seconds.
  path: Assets/Scenes/60/00054057.mp4
  artifactKey: Guid(ae937963e2bcb412b90bf5f9786ea815) Importer(815301076,1909f56bfc062723c751e8b465ee728b)
Start importing Assets/Scenes/60/00054057.mp4 using Guid(ae937963e2bcb412b90bf5f9786ea815) Importer(815301076,1909f56bfc062723c751e8b465ee728b)  -> (artifact id: '00000000000000000000000000000000') in 0.000726 seconds
  ERROR: Build asset version error: assets/scenes/60/00054057.mp4 in SourceAssetDB has modification time of '2021-05-22T11:40:18Z' while content on disk has modification time of '2021-05-22T11:43:25Z'
  Import took 0.002296 seconds .

========================================================================
Received Import Request.
  Time since last request: 0.023782 seconds.
  path: Assets/Scenes/60/00054057.mp4
  artifactKey: Guid(ae937963e2bcb412b90bf5f9786ea815) Importer(815301076,1909f56bfc062723c751e8b465ee728b)
Start importing Assets/Scenes/60/00054057.mp4 using Guid(ae937963e2bcb412b90bf5f9786ea815) Importer(815301076,1909f56bfc062723c751e8b465ee728b)  -> (artifact id: '00000000000000000000000000000000') in 0.000766 seconds
  ERROR: Build asset version error: assets/scenes/60/00054057.mp4 in SourceAssetDB has modification time of '2021-05-22T11:40:18Z' while content on disk has modification time of '2021-05-22T11:43:25Z'
  Import took 0.002413 seconds .

========================================================================
Received Import Request.
  Time since last request: 0.085895 seconds.
  path: Assets/Scenes/60/00054057.mp4
  artifactKey: Guid(ae937963e2bcb412b90bf5f9786ea815) Importer(815301076,1909f56bfc062723c751e8b465ee728b)
Start importing Assets/Scenes/60/00054057.mp4 using Guid(ae937963e2bcb412b90bf5f9786ea815) Importer(815301076,1909f56bfc062723c751e8b465ee728b)  -> (artifact id: '00000000000000000000000000000000') in 0.001040 seconds
  ERROR: Build asset version error: assets/scenes/60/00054057.mp4 in SourceAssetDB has modification time of '2021-05-22T11:40:18Z' while content on disk has modification time of '2021-05-22T11:43:25Z'
  Import took 0.003257 seconds .

========================================================================
Received Import Request.
  Time since last request: 0.046409 seconds.
  path: Assets/Scenes/60/00054057.mp4
  artifactKey: Guid(ae937963e2bcb412b90bf5f9786ea815) Importer(815301076,1909f56bfc062723c751e8b465ee728b)
Start importing Assets/Scenes/60/00054057.mp4 using Guid(ae937963e2bcb412b90bf5f9786ea815) Importer(815301076,1909f56bfc062723c751e8b465ee728b)  -> (artifact id: '00000000000000000000000000000000') in 0.000909 seconds
  ERROR: Build asset version error: assets/scenes/60/00054057.mp4 in SourceAssetDB has modification time of '2021-05-22T11:40:18Z' while content on disk has modification time of '2021-05-22T11:43:25Z'
  Import took 0.002862 seconds .

========================================================================
Received Import Request.
  Time since last request: 0.042791 seconds.
  path: Assets/Scenes/60/00054057.mp4
  artifactKey: Guid(ae937963e2bcb412b90bf5f9786ea815) Importer(815301076,1909f56bfc062723c751e8b465ee728b)
Start importing Assets/Scenes/60/00054057.mp4 using Guid(ae937963e2bcb412b90bf5f9786ea815) Importer(815301076,1909f56bfc062723c751e8b465ee728b)  -> (artifact id: '00000000000000000000000000000000') in 0.000914 seconds
  ERROR: Build asset version error: assets/scenes/60/00054057.mp4 in SourceAssetDB has modification time of '2021-05-22T11:40:18Z' while content on disk has modification time of '2021-05-22T11:43:25Z'
  Import took 0.002853 seconds .

========================================================================
Received Import Request.
  Time since last request: 0.047084 seconds.
  path: Assets/Scenes/60/00054057.mp4
  artifactKey: Guid(ae937963e2bcb412b90bf5f9786ea815) Importer(815301076,1909f56bfc062723c751e8b465ee728b)
Start importing Assets/Scenes/60/00054057.mp4 using Guid(ae937963e2bcb412b90bf5f9786ea815) Importer(815301076,1909f56bfc062723c751e8b465ee728b)  -> (artifact id: '00000000000000000000000000000000') in 0.000876 seconds
  ERROR: Build asset version error: assets/scenes/60/00054057.mp4 in SourceAssetDB has modification time of '2021-05-22T11:40:18Z' while content on disk has modification time of '2021-05-22T11:43:25Z'
  Import took 0.002818 seconds .

========================================================================
Received Import Request.
  Time since last request: 0.048788 seconds.
  path: Assets/Scenes/60/00054057.mp4
  artifactKey: Guid(ae937963e2bcb412b90bf5f9786ea815) Importer(815301076,1909f56bfc062723c751e8b465ee728b)
Start importing Assets/Scenes/60/00054057.mp4 using Guid(ae937963e2bcb412b90bf5f9786ea815) Importer(815301076,1909f56bfc062723c751e8b465ee728b)  -> (artifact id: '00000000000000000000000000000000') in 0.000847 seconds
  ERROR: Build asset version error: assets/scenes/60/00054057.mp4 in SourceAssetDB has modification time of '2021-05-22T11:40:18Z' while content on disk has modification time of '2021-05-22T11:43:25Z'
  Import took 0.002807 seconds .

========================================================================
Received Import Request.
  Time since last request: 0.047325 seconds.
  path: Assets/Scenes/60/00054057.mp4
  artifactKey: Guid(ae937963e2bcb412b90bf5f9786ea815) Importer(815301076,1909f56bfc062723c751e8b465ee728b)
Start importing Assets/Scenes/60/00054057.mp4 using Guid(ae937963e2bcb412b90bf5f9786ea815) Importer(815301076,1909f56bfc062723c751e8b465ee728b)  -> (artifact id: '00000000000000000000000000000000') in 0.000826 seconds
  ERROR: Build asset version error: assets/scenes/60/00054057.mp4 in SourceAssetDB has modification time of '2021-05-22T11:40:18Z' while content on disk has modification time of '2021-05-22T11:43:25Z'
  Import took 0.002655 seconds .

========================================================================
Received Import Request.
  Time since last request: 0.047213 seconds.
  path: Assets/Scenes/60/00054057.mp4
  artifactKey: Guid(ae937963e2bcb412b90bf5f9786ea815) Importer(815301076,1909f56bfc062723c751e8b465ee728b)
Start importing Assets/Scenes/60/00054057.mp4 using Guid(ae937963e2bcb412b90bf5f9786ea815) Importer(815301076,1909f56bfc062723c751e8b465ee728b)  -> (artifact id: '00000000000000000000000000000000') in 0.000849 seconds
  ERROR: Build asset version error: assets/scenes/60/00054057.mp4 in SourceAssetDB has modification time of '2021-05-22T11:40:18Z' while content on disk has modification time of '2021-05-22T11:43:25Z'
  Import took 0.002753 seconds .

========================================================================
Received Import Request.
  Time since last request: 0.062548 seconds.
  path: Assets/Scenes/60/00054057.mp4
  artifactKey: Guid(ae937963e2bcb412b90bf5f9786ea815) Importer(815301076,1909f56bfc062723c751e8b465ee728b)
Start importing Assets/Scenes/60/00054057.mp4 using Guid(ae937963e2bcb412b90bf5f9786ea815) Importer(815301076,1909f56bfc062723c751e8b465ee728b)  -> (artifact id: '00000000000000000000000000000000') in 0.000849 seconds
  ERROR: Build asset version error: assets/scenes/60/00054057.mp4 in SourceAssetDB has modification time of '2021-05-22T11:40:18Z' while content on disk has modification time of '2021-05-22T11:43:25Z'
  Import took 0.002838 seconds .

========================================================================
Received Import Request.
  Time since last request: 0.031821 seconds.
  path: Assets/Scenes/60/00054057.mp4
  artifactKey: Guid(ae937963e2bcb412b90bf5f9786ea815) Importer(815301076,1909f56bfc062723c751e8b465ee728b)
Start importing Assets/Scenes/60/00054057.mp4 using Guid(ae937963e2bcb412b90bf5f9786ea815) Importer(815301076,1909f56bfc062723c751e8b465ee728b)  -> (artifact id: '00000000000000000000000000000000') in 0.000820 seconds
  ERROR: Build asset version error: assets/scenes/60/00054057.mp4 in SourceAssetDB has modification time of '2021-05-22T11:40:18Z' while content on disk has modification time of '2021-05-22T11:43:25Z'
  Import took 0.002641 seconds .

========================================================================
Received Import Request.
  Time since last request: 0.048334 seconds.
  path: Assets/Scenes/60/00054057.mp4
  artifactKey: Guid(ae937963e2bcb412b90bf5f9786ea815) Importer(815301076,1909f56bfc062723c751e8b465ee728b)
Start importing Assets/Scenes/60/00054057.mp4 using Guid(ae937963e2bcb412b90bf5f9786ea815) Importer(815301076,1909f56bfc062723c751e8b465ee728b)  -> (artifact id: '00000000000000000000000000000000') in 0.000808 seconds
  ERROR: Build asset version error: assets/scenes/60/00054057.mp4 in SourceAssetDB has modification time of '2021-05-22T11:40:18Z' while content on disk has modification time of '2021-05-22T11:43:25Z'
  Import took 0.002644 seconds .

========================================================================
Received Import Request.
  Time since last request: 10.529036 seconds.
  path: Assets/Scenes/45/00054057.mp4
  artifactKey: Guid(76d78b6d8a5f74c1485e9bc9a80e3f93) Importer(815301076,1909f56bfc062723c751e8b465ee728b)
Start importing Assets/Scenes/45/00054057.mp4 using Guid(76d78b6d8a5f74c1485e9bc9a80e3f93) Importer(815301076,1909f56bfc062723c751e8b465ee728b)  -> (artifact id: '809c4d1ebe83204997c6a0854b8c66cc') in 0.001686 seconds
  Import took 0.003613 seconds .

========================================================================
Received Import Request.
  Time since last request: 2.578918 seconds.
  path: Assets/Scenes/30/00054057.mp4
  artifactKey: Guid(6b238e02089f746ea9aa893bd614ead7) Importer(815301076,1909f56bfc062723c751e8b465ee728b)
Start importing Assets/Scenes/30/00054057.mp4 using Guid(6b238e02089f746ea9aa893bd614ead7) Importer(815301076,1909f56bfc062723c751e8b465ee728b)  -> (artifact id: '09a33bde922be227fe56656bf7a1c1e0') in 0.001565 seconds
  Import took 0.003453 seconds .

========================================================================
Received Import Request.
  Time since last request: 0.000221 seconds.
  path: Assets/Scenes/30/00057691.mp4
  artifactKey: Guid(a5dd7ffb3763848fc96fc26814d13b63) Importer(815301076,1909f56bfc062723c751e8b465ee728b)
Start importing Assets/Scenes/30/00057691.mp4 using Guid(a5dd7ffb3763848fc96fc26814d13b63) Importer(815301076,1909f56bfc062723c751e8b465ee728b)  -> (artifact id: 'cf31db2daf1894fdf186ded4cb710c87') in 0.001365 seconds
  Import took 0.002773 seconds .

========================================================================
Received Import Request.
  Time since last request: 0.000229 seconds.
  path: Assets/Scenes/30/ob.mp4
  artifactKey: Guid(8594fcd43cb7142d1a7fd78833e32494) Importer(815301076,1909f56bfc062723c751e8b465ee728b)
Start importing Assets/Scenes/30/ob.mp4 using Guid(8594fcd43cb7142d1a7fd78833e32494) Importer(815301076,1909f56bfc062723c751e8b465ee728b)  -> (artifact id: '1080273888f928423f4a86e4b3a81606') in 0.001345 seconds
  Import took 0.002782 seconds .

========================================================================
Received Import Request.
  Time since last request: 1.328661 seconds.
  path: Assets/Scenes/30/ob2.mp4
  artifactKey: Guid(3a8dca7675dfc4df887d12f290ef8514) Importer(815301076,1909f56bfc062723c751e8b465ee728b)
Start importing Assets/Scenes/30/ob2.mp4 using Guid(3a8dca7675dfc4df887d12f290ef8514) Importer(815301076,1909f56bfc062723c751e8b465ee728b)  -> (artifact id: '47a9dfe1dee74ad47ada4828d210d2b3') in 0.002158 seconds
  Import took 0.004892 seconds .

========================================================================
Received Prepare
Registering precompiled user dll's ...
Registered in 0.001449 seconds.
Begin MonoManager ReloadAssembly
Native extension for OSXStandalone target not found
Refreshing native plugins compatible for Editor in 0.26 ms, found 3 plugins.
Preloading 0 native plugins for Editor in 0.00 ms.
Invoked RoslynAnalysisRunner static constructor.
RoslynAnalysisRunner will not be running.
RoslynAnalysisRunner has terminated.
Mono: successfully reloaded assembly
- Completed reload, in  1.684 seconds
Platform modules already initialized, skipping
Refreshing native plugins compatible for Editor in 0.24 ms, found 3 plugins.
Preloading 0 native plugins for Editor in 0.00 ms.
Unloading 1253 Unused Serialized files (Serialized files now loaded: 0)
System memory in use before: 126.4 MB.
System memory in use after: 126.5 MB.

Unloading 12 unused Assets to reduce memory usage. Loaded Objects now: 1754.
Total: 1.193375 ms (FindLiveObjects: 0.127125 ms CreateObjectMapping: 0.025875 ms MarkObjects: 0.982500 ms  DeleteObjects: 0.056708 ms)

========================================================================
Received Prepare
Registering precompiled user dll's ...
Registered in 0.001169 seconds.
Begin MonoManager ReloadAssembly
Native extension for OSXStandalone target not found
Refreshing native plugins compatible for Editor in 0.25 ms, found 3 plugins.
Preloading 0 native plugins for Editor in 0.00 ms.
Invoked RoslynAnalysisRunner static constructor.
RoslynAnalysisRunner will not be running.
RoslynAnalysisRunner has terminated.
Mono: successfully reloaded assembly
- Completed reload, in  1.620 seconds
Platform modules already initialized, skipping
Refreshing native plugins compatible for Editor in 0.24 ms, found 3 plugins.
Preloading 0 native plugins for Editor in 0.00 ms.
Unloading 1253 Unused Serialized files (Serialized files now loaded: 0)
System memory in use before: 126.6 MB.
System memory in use after: 126.7 MB.

Unloading 12 unused Assets to reduce memory usage. Loaded Objects now: 1757.
Total: 1.163875 ms (FindLiveObjects: 0.107708 ms CreateObjectMapping: 0.025584 ms MarkObjects: 0.982167 ms  DeleteObjects: 0.047667 ms)

========================================================================
Received Prepare
Registering precompiled user dll's ...
Registered in 0.001138 seconds.
Begin MonoManager ReloadAssembly
Native extension for OSXStandalone target not found
Refreshing native plugins compatible for Editor in 0.25 ms, found 3 plugins.
Preloading 0 native plugins for Editor in 0.00 ms.
Invoked RoslynAnalysisRunner static constructor.
RoslynAnalysisRunner will not be running.
RoslynAnalysisRunner has terminated.
Mono: successfully reloaded assembly
- Completed reload, in  1.580 seconds
Platform modules already initialized, skipping
Refreshing native plugins compatible for Editor in 0.21 ms, found 3 plugins.
Preloading 0 native plugins for Editor in 0.00 ms.
Unloading 1253 Unused Serialized files (Serialized files now loaded: 0)
System memory in use before: 126.8 MB.
System memory in use after: 126.9 MB.

Unloading 12 unused Assets to reduce memory usage. Loaded Objects now: 1760.
Total: 1.173834 ms (FindLiveObjects: 0.102417 ms CreateObjectMapping: 0.027708 ms MarkObjects: 0.999625 ms  DeleteObjects: 0.043375 ms)

========================================================================
Received Prepare
Registering precompiled user dll's ...
Registered in 0.000596 seconds.
Begin MonoManager ReloadAssembly
Native extension for OSXStandalone target not found
Refreshing native plugins compatible for Editor in 0.26 ms, found 3 plugins.
Preloading 0 native plugins for Editor in 0.00 ms.
Invoked RoslynAnalysisRunner static constructor.
RoslynAnalysisRunner will not be running.
RoslynAnalysisRunner has terminated.
Mono: successfully reloaded assembly
- Completed reload, in  1.694 seconds
Platform modules already initialized, skipping
Refreshing native plugins compatible for Editor in 0.19 ms, found 3 plugins.
Preloading 0 native plugins for Editor in 0.00 ms.
Unloading 1253 Unused Serialized files (Serialized files now loaded: 0)
System memory in use before: 127.0 MB.
System memory in use after: 127.1 MB.

Unloading 12 unused Assets to reduce memory usage. Loaded Objects now: 1763.
Total: 1.099875 ms (FindLiveObjects: 0.106209 ms CreateObjectMapping: 0.025500 ms MarkObjects: 0.918834 ms  DeleteObjects: 0.048500 ms)

========================================================================
Received Prepare
Registering precompiled user dll's ...
Registered in 0.001803 seconds.
Begin MonoManager ReloadAssembly
Native extension for OSXStandalone target not found
Refreshing native plugins compatible for Editor in 0.24 ms, found 3 plugins.
Preloading 0 native plugins for Editor in 0.00 ms.
Invoked RoslynAnalysisRunner static constructor.
RoslynAnalysisRunner will not be running.
RoslynAnalysisRunner has terminated.
Mono: successfully reloaded assembly
- Completed reload, in  1.685 seconds
Platform modules already initialized, skipping
Refreshing native plugins compatible for Editor in 0.21 ms, found 3 plugins.
Preloading 0 native plugins for Editor in 0.00 ms.
Unloading 1253 Unused Serialized files (Serialized files now loaded: 0)
System memory in use before: 127.2 MB.
System memory in use after: 127.3 MB.

Unloading 12 unused Assets to reduce memory usage. Loaded Objects now: 1766.
Total: 1.172875 ms (FindLiveObjects: 0.103041 ms CreateObjectMapping: 0.025708 ms MarkObjects: 1.000667 ms  DeleteObjects: 0.042833 ms)

========================================================================
Received Prepare
Registering precompiled user dll's ...
Registered in 0.001591 seconds.
Begin MonoManager ReloadAssembly
Native extension for OSXStandalone target not found
Refreshing native plugins compatible for Editor in 0.25 ms, found 3 plugins.
Preloading 0 native plugins for Editor in 0.00 ms.
Invoked RoslynAnalysisRunner static constructor.
RoslynAnalysisRunner will not be running.
RoslynAnalysisRunner has terminated.
Mono: successfully reloaded assembly
- Completed reload, in  1.751 seconds
Platform modules already initialized, skipping
Refreshing native plugins compatible for Editor in 0.20 ms, found 3 plugins.
Preloading 0 native plugins for Editor in 0.00 ms.
Unloading 1253 Unused Serialized files (Serialized files now loaded: 0)
System memory in use before: 127.4 MB.
System memory in use after: 127.5 MB.

Unloading 12 unused Assets to reduce memory usage. Loaded Objects now: 1769.
Total: 1.167292 ms (FindLiveObjects: 0.103750 ms CreateObjectMapping: 0.026375 ms MarkObjects: 0.986042 ms  DeleteObjects: 0.050667 ms)

========================================================================
Received Prepare
Registering precompiled user dll's ...
Registered in 0.001035 seconds.
Begin MonoManager ReloadAssembly
Native extension for OSXStandalone target not found
Refreshing native plugins compatible for Editor in 0.26 ms, found 3 plugins.
Preloading 0 native plugins for Editor in 0.00 ms.
Invoked RoslynAnalysisRunner static constructor.
RoslynAnalysisRunner will not be running.
RoslynAnalysisRunner has terminated.
Mono: successfully reloaded assembly
- Completed reload, in  1.571 seconds
Platform modules already initialized, skipping
Refreshing native plugins compatible for Editor in 0.29 ms, found 3 plugins.
Preloading 0 native plugins for Editor in 0.00 ms.
Unloading 1253 Unused Serialized files (Serialized files now loaded: 0)
System memory in use before: 127.6 MB.
System memory in use after: 127.6 MB.

Unloading 12 unused Assets to reduce memory usage. Loaded Objects now: 1772.
Total: 1.150667 ms (FindLiveObjects: 0.095375 ms CreateObjectMapping: 0.027917 ms MarkObjects: 0.980792 ms  DeleteObjects: 0.045667 ms)

========================================================================
Received Prepare
Registering precompiled user dll's ...
Registered in 0.001484 seconds.
Begin MonoManager ReloadAssembly
Native extension for OSXStandalone target not found
Refreshing native plugins compatible for Editor in 0.31 ms, found 3 plugins.
Preloading 0 native plugins for Editor in 0.00 ms.
Invoked RoslynAnalysisRunner static constructor.
RoslynAnalysisRunner will not be running.
RoslynAnalysisRunner has terminated.
Mono: successfully reloaded assembly
- Completed reload, in  1.846 seconds
Platform modules already initialized, skipping
Refreshing native plugins compatible for Editor in 0.24 ms, found 3 plugins.
Preloading 0 native plugins for Editor in 0.00 ms.
Unloading 1253 Unused Serialized files (Serialized files now loaded: 0)
System memory in use before: 127.7 MB.
System memory in use after: 127.8 MB.

Unloading 12 unused Assets to reduce memory usage. Loaded Objects now: 1775.
Total: 1.272042 ms (FindLiveObjects: 0.147417 ms CreateObjectMapping: 0.026750 ms MarkObjects: 1.042792 ms  DeleteObjects: 0.054041 ms)

========================================================================
Received Prepare
Registering precompiled user dll's ...
Registered in 0.000499 seconds.
Begin MonoManager ReloadAssembly
Native extension for OSXStandalone target not found
Refreshing native plugins compatible for Editor in 0.24 ms, found 3 plugins.
Preloading 0 native plugins for Editor in 0.00 ms.
Invoked RoslynAnalysisRunner static constructor.
RoslynAnalysisRunner will not be running.
RoslynAnalysisRunner has terminated.
Mono: successfully reloaded assembly
- Completed reload, in  1.599 seconds
Platform modules already initialized, skipping
Refreshing native plugins compatible for Editor in 0.21 ms, found 3 plugins.
Preloading 0 native plugins for Editor in 0.00 ms.
Unloading 1253 Unused Serialized files (Serialized files now loaded: 0)
System memory in use before: 127.9 MB.
System memory in use after: 128.0 MB.

Unloading 12 unused Assets to reduce memory usage. Loaded Objects now: 1778.
Total: 1.156666 ms (FindLiveObjects: 0.097000 ms CreateObjectMapping: 0.026291 ms MarkObjects: 0.985375 ms  DeleteObjects: 0.047125 ms)

========================================================================
Received Prepare
Registering precompiled user dll's ...
Registered in 0.000484 seconds.
Begin MonoManager ReloadAssembly
Native extension for OSXStandalone target not found
Refreshing native plugins compatible for Editor in 0.25 ms, found 3 plugins.
Preloading 0 native plugins for Editor in 0.00 ms.
Invoked RoslynAnalysisRunner static constructor.
RoslynAnalysisRunner will not be running.
RoslynAnalysisRunner has terminated.
Mono: successfully reloaded assembly
- Completed reload, in  1.630 seconds
Platform modules already initialized, skipping
Refreshing native plugins compatible for Editor in 0.18 ms, found 3 plugins.
Preloading 0 native plugins for Editor in 0.00 ms.
Unloading 1253 Unused Serialized files (Serialized files now loaded: 0)
System memory in use before: 128.1 MB.
System memory in use after: 128.2 MB.

Unloading 12 unused Assets to reduce memory usage. Loaded Objects now: 1781.
Total: 1.046792 ms (FindLiveObjects: 0.090875 ms CreateObjectMapping: 0.025042 ms MarkObjects: 0.886625 ms  DeleteObjects: 0.043625 ms)

========================================================================
Received Prepare
Registering precompiled user dll's ...
Registered in 0.001172 seconds.
Begin MonoManager ReloadAssembly
Native extension for OSXStandalone target not found
Refreshing native plugins compatible for Editor in 0.26 ms, found 3 plugins.
Preloading 0 native plugins for Editor in 0.00 ms.
Invoked RoslynAnalysisRunner static constructor.
RoslynAnalysisRunner will not be running.
RoslynAnalysisRunner has terminated.
Mono: successfully reloaded assembly
- Completed reload, in  1.574 seconds
Platform modules already initialized, skipping
Refreshing native plugins compatible for Editor in 0.18 ms, found 3 plugins.
Preloading 0 native plugins for Editor in 0.00 ms.
Unloading 1253 Unused Serialized files (Serialized files now loaded: 0)
System memory in use before: 128.3 MB.
System memory in use after: 128.4 MB.

Unloading 12 unused Assets to reduce memory usage. Loaded Objects now: 1784.
Total: 1.179292 ms (FindLiveObjects: 0.095375 ms CreateObjectMapping: 0.027583 ms MarkObjects: 1.014791 ms  DeleteObjects: 0.040500 ms)

========================================================================
Received Prepare
Registering precompiled user dll's ...
Registered in 0.000850 seconds.
Begin MonoManager ReloadAssembly
Native extension for OSXStandalone target not found
Refreshing native plugins compatible for Editor in 0.25 ms, found 3 plugins.
Preloading 0 native plugins for Editor in 0.00 ms.
Invoked RoslynAnalysisRunner static constructor.
RoslynAnalysisRunner will not be running.
RoslynAnalysisRunner has terminated.
Mono: successfully reloaded assembly
- Completed reload, in  1.619 seconds
Platform modules already initialized, skipping
Refreshing native plugins compatible for Editor in 0.22 ms, found 3 plugins.
Preloading 0 native plugins for Editor in 0.00 ms.
Unloading 1253 Unused Serialized files (Serialized files now loaded: 0)
System memory in use before: 128.5 MB.
System memory in use after: 128.6 MB.

Unloading 12 unused Assets to reduce memory usage. Loaded Objects now: 1787.
Total: 1.134500 ms (FindLiveObjects: 0.118542 ms CreateObjectMapping: 0.025791 ms MarkObjects: 0.940875 ms  DeleteObjects: 0.048667 ms)

========================================================================
Received Import Request.
  Time since last request: 4659.677188 seconds.
  path: Assets/Scenes/30/00054057.mp4
  artifactKey: Guid(6b238e02089f746ea9aa893bd614ead7) Importer(815301076,1909f56bfc062723c751e8b465ee728b)
Start importing Assets/Scenes/30/00054057.mp4 using Guid(6b238e02089f746ea9aa893bd614ead7) Importer(815301076,1909f56bfc062723c751e8b465ee728b)  -> (artifact id: '00000000000000000000000000000000') in 0.021874 seconds
  ERROR: Build asset version error: assets/scenes/30/00054057.mp4 in SourceAssetDB has modification time of '2021-05-22T12:59:36Z' while content on disk has modification time of '2021-05-22T13:01:46Z'
  Import took 0.023552 seconds .

========================================================================
Received Import Request.
  Time since last request: 0.147034 seconds.
  path: Assets/Scenes/30/00054057.mp4
  artifactKey: Guid(6b238e02089f746ea9aa893bd614ead7) Importer(815301076,1909f56bfc062723c751e8b465ee728b)
Start importing Assets/Scenes/30/00054057.mp4 using Guid(6b238e02089f746ea9aa893bd614ead7) Importer(815301076,1909f56bfc062723c751e8b465ee728b)  -> (artifact id: '00000000000000000000000000000000') in 0.001084 seconds
  ERROR: Build asset version error: assets/scenes/30/00054057.mp4 in SourceAssetDB has modification time of '2021-05-22T12:59:36Z' while content on disk has modification time of '2021-05-22T13:01:46Z'
  Import took 0.002690 seconds .

========================================================================
Received Import Request.
  Time since last request: 0.047411 seconds.
  path: Assets/Scenes/30/00054057.mp4
  artifactKey: Guid(6b238e02089f746ea9aa893bd614ead7) Importer(815301076,1909f56bfc062723c751e8b465ee728b)
Start importing Assets/Scenes/30/00054057.mp4 using Guid(6b238e02089f746ea9aa893bd614ead7) Importer(815301076,1909f56bfc062723c751e8b465ee728b)  -> (artifact id: '00000000000000000000000000000000') in 0.000707 seconds
  ERROR: Build asset version error: assets/scenes/30/00054057.mp4 in SourceAssetDB has modification time of '2021-05-22T12:59:36Z' while content on disk has modification time of '2021-05-22T13:01:46Z'
  Import took 0.002313 seconds .

========================================================================
Received Import Request.
  Time since last request: 0.013993 seconds.
  path: Assets/Scenes/30/00054057.mp4
  artifactKey: Guid(6b238e02089f746ea9aa893bd614ead7) Importer(815301076,1909f56bfc062723c751e8b465ee728b)
Start importing Assets/Scenes/30/00054057.mp4 using Guid(6b238e02089f746ea9aa893bd614ead7) Importer(815301076,1909f56bfc062723c751e8b465ee728b)  -> (artifact id: '00000000000000000000000000000000') in 0.000722 seconds
  ERROR: Build asset version error: assets/scenes/30/00054057.mp4 in SourceAssetDB has modification time of '2021-05-22T12:59:36Z' while content on disk has modification time of '2021-05-22T13:01:46Z'
  Import took 0.002291 seconds .

========================================================================
Received Import Request.
  Time since last request: 0.019956 seconds.
  path: Assets/Scenes/30/00054057.mp4
  artifactKey: Guid(6b238e02089f746ea9aa893bd614ead7) Importer(815301076,1909f56bfc062723c751e8b465ee728b)
Start importing Assets/Scenes/30/00054057.mp4 using Guid(6b238e02089f746ea9aa893bd614ead7) Importer(815301076,1909f56bfc062723c751e8b465ee728b)  -> (artifact id: '00000000000000000000000000000000') in 0.000763 seconds
  ERROR: Build asset version error: assets/scenes/30/00054057.mp4 in SourceAssetDB has modification time of '2021-05-22T12:59:36Z' while content on disk has modification time of '2021-05-22T13:01:46Z'
  Import took 0.002418 seconds .

========================================================================
Received Import Request.
  Time since last request: 0.031222 seconds.
  path: Assets/Scenes/30/00054057.mp4
  artifactKey: Guid(6b238e02089f746ea9aa893bd614ead7) Importer(815301076,1909f56bfc062723c751e8b465ee728b)
Start importing Assets/Scenes/30/00054057.mp4 using Guid(6b238e02089f746ea9aa893bd614ead7) Importer(815301076,1909f56bfc062723c751e8b465ee728b)  -> (artifact id: '00000000000000000000000000000000') in 0.000790 seconds
  ERROR: Build asset version error: assets/scenes/30/00054057.mp4 in SourceAssetDB has modification time of '2021-05-22T12:59:36Z' while content on disk has modification time of '2021-05-22T13:01:46Z'
  Import took 0.002499 seconds .

========================================================================
Received Import Request.
  Time since last request: 1.574683 seconds.
  path: Assets/Scenes/45/00054057.mp4
  artifactKey: Guid(76d78b6d8a5f74c1485e9bc9a80e3f93) Importer(815301076,1909f56bfc062723c751e8b465ee728b)
Start importing Assets/Scenes/45/00054057.mp4 using Guid(76d78b6d8a5f74c1485e9bc9a80e3f93) Importer(815301076,1909f56bfc062723c751e8b465ee728b)  -> (artifact id: 'ee7c4e83fd379e43961b26f5a66c8080') in 0.009024 seconds
  Import took 0.016804 seconds .

========================================================================
Received Import Request.
  Time since last request: 2.628551 seconds.
  path: Assets/Scenes/60/00054057.mp4
  artifactKey: Guid(ae937963e2bcb412b90bf5f9786ea815) Importer(815301076,1909f56bfc062723c751e8b465ee728b)
Start importing Assets/Scenes/60/00054057.mp4 using Guid(ae937963e2bcb412b90bf5f9786ea815) Importer(815301076,1909f56bfc062723c751e8b465ee728b)  -> (artifact id: '00326e9501c2c1f636377e6a18b1f55c') in 0.002215 seconds
  Import took 0.005266 seconds .

========================================================================
Received Prepare
Registering precompiled user dll's ...
Registered in 0.001043 seconds.
Begin MonoManager ReloadAssembly
Native extension for OSXStandalone target not found
Refreshing native plugins compatible for Editor in 0.25 ms, found 3 plugins.
Preloading 0 native plugins for Editor in 0.00 ms.
Invoked RoslynAnalysisRunner static constructor.
RoslynAnalysisRunner will not be running.
RoslynAnalysisRunner has terminated.
Mono: successfully reloaded assembly
- Completed reload, in  1.705 seconds
Platform modules already initialized, skipping
Refreshing native plugins compatible for Editor in 0.23 ms, found 3 plugins.
Preloading 0 native plugins for Editor in 0.00 ms.
Unloading 1253 Unused Serialized files (Serialized files now loaded: 0)
System memory in use before: 128.7 MB.
System memory in use after: 128.7 MB.

Unloading 12 unused Assets to reduce memory usage. Loaded Objects now: 1790.
Total: 1.255084 ms (FindLiveObjects: 0.118958 ms CreateObjectMapping: 0.028125 ms MarkObjects: 1.052958 ms  DeleteObjects: 0.054417 ms)

========================================================================
Received Import Request.
  Time since last request: 190.570369 seconds.
  path: Assets/Scenes/30/00057691.mp4
  artifactKey: Guid(a5dd7ffb3763848fc96fc26814d13b63) Importer(815301076,1909f56bfc062723c751e8b465ee728b)
Start importing Assets/Scenes/30/00057691.mp4 using Guid(a5dd7ffb3763848fc96fc26814d13b63) Importer(815301076,1909f56bfc062723c751e8b465ee728b)  -> (artifact id: '9e7af180cd3032c265c1d7c42e90c50d') in 0.021825 seconds
  Import took 0.024049 seconds .

========================================================================
Received Import Request.
  Time since last request: 0.000227 seconds.
  path: Assets/Scenes/30/ob2.mp4
  artifactKey: Guid(3a8dca7675dfc4df887d12f290ef8514) Importer(815301076,1909f56bfc062723c751e8b465ee728b)
Start importing Assets/Scenes/30/ob2.mp4 using Guid(3a8dca7675dfc4df887d12f290ef8514) Importer(815301076,1909f56bfc062723c751e8b465ee728b)  -> (artifact id: '6624bf08bb80c322a8b72ebf83fa2a4d') in 0.001785 seconds
  Import took 0.003550 seconds .

========================================================================
Received Import Request.
  Time since last request: 0.000203 seconds.
  path: Assets/Scenes/30/ob.mp4
  artifactKey: Guid(8594fcd43cb7142d1a7fd78833e32494) Importer(815301076,1909f56bfc062723c751e8b465ee728b)
Start importing Assets/Scenes/30/ob.mp4 using Guid(8594fcd43cb7142d1a7fd78833e32494) Importer(815301076,1909f56bfc062723c751e8b465ee728b)  -> (artifact id: '5decf4016858d7efebf1e74ebf1bf384') in 0.001677 seconds
  Import took 0.003520 seconds .

========================================================================
Received Import Request.
  Time since last request: 0.000288 seconds.
  path: Assets/Scenes/30/00054057.mp4
  artifactKey: Guid(6b238e02089f746ea9aa893bd614ead7) Importer(815301076,1909f56bfc062723c751e8b465ee728b)
Start importing Assets/Scenes/30/00054057.mp4 using Guid(6b238e02089f746ea9aa893bd614ead7) Importer(815301076,1909f56bfc062723c751e8b465ee728b)  -> (artifact id: '67c9c87a34c98c85657af4c02bcc7e0f') in 0.001480 seconds
  Import took 0.003400 seconds .

========================================================================
Received Import Request.
  Time since last request: 7.982170 seconds.
  path: Assets/Scenes/30/test
  artifactKey: Guid(ea1f030f98dcc48b2a00c92cbec1503d) Importer(815301076,1909f56bfc062723c751e8b465ee728b)
Start importing Assets/Scenes/30/test using Guid(ea1f030f98dcc48b2a00c92cbec1503d) Importer(815301076,1909f56bfc062723c751e8b465ee728b)  -> (artifact id: '139246e2702ab1515ec1076be2d4261d') in 0.001024 seconds
  Import took 0.002958 seconds .

========================================================================
Received Import Request.
  Time since last request: 0.053989 seconds.
  path: Assets/Scenes/30/test
  artifactKey: Guid(ea1f030f98dcc48b2a00c92cbec1503d) Importer(815301076,1909f56bfc062723c751e8b465ee728b)
Start importing Assets/Scenes/30/test using Guid(ea1f030f98dcc48b2a00c92cbec1503d) Importer(815301076,1909f56bfc062723c751e8b465ee728b)  -> (artifact id: '139246e2702ab1515ec1076be2d4261d') in 0.000657 seconds
  Import took 0.002563 seconds .

========================================================================
Received Import Request.
  Time since last request: 0.053929 seconds.
  path: Assets/Scenes/30/test/ob3.mp4
  artifactKey: Guid(5b7e7795c6cea4b4d9c78a4560d9bfa6) Importer(815301076,1909f56bfc062723c751e8b465ee728b)
Start importing Assets/Scenes/30/test/ob3.mp4 using Guid(5b7e7795c6cea4b4d9c78a4560d9bfa6) Importer(815301076,1909f56bfc062723c751e8b465ee728b)  -> (artifact id: '30a496ab0575e91e4573fcdc8085bc8c') in 0.001692 seconds
  Import took 0.003755 seconds .

========================================================================
Received Import Request.
  Time since last request: 123.279532 seconds.
  path: Assets/Scenes/45/00054057.mp4
  artifactKey: Guid(76d78b6d8a5f74c1485e9bc9a80e3f93) Importer(815301076,1909f56bfc062723c751e8b465ee728b)
Start importing Assets/Scenes/45/00054057.mp4 using Guid(76d78b6d8a5f74c1485e9bc9a80e3f93) Importer(815301076,1909f56bfc062723c751e8b465ee728b)  -> (artifact id: 'f99c1400d60b900031ce9ffba505e255') in 0.002538 seconds
  Import took 0.007074 seconds .

========================================================================
Received Import Request.
  Time since last request: 0.000296 seconds.
  path: Assets/Scenes/45/00057691.mp4
  artifactKey: Guid(0a7119183458c4f18b74a6e66de61f66) Importer(815301076,1909f56bfc062723c751e8b465ee728b)
Start importing Assets/Scenes/45/00057691.mp4 using Guid(0a7119183458c4f18b74a6e66de61f66) Importer(815301076,1909f56bfc062723c751e8b465ee728b)  -> (artifact id: '0791714877adac06ae3b92bb897efcf3') in 0.001950 seconds
  Import took 0.004662 seconds .

========================================================================
Received Import Request.
  Time since last request: 0.000260 seconds.
  path: Assets/Scenes/45/ob.mp4
  artifactKey: Guid(9c120ca7dd58d4dd0add7ed9005be2d2) Importer(815301076,1909f56bfc062723c751e8b465ee728b)
Start importing Assets/Scenes/45/ob.mp4 using Guid(9c120ca7dd58d4dd0add7ed9005be2d2) Importer(815301076,1909f56bfc062723c751e8b465ee728b)  -> (artifact id: '601c6e5e2f05c9a555e60a8ef94728d0') in 0.001796 seconds
  Import took 0.004247 seconds .

========================================================================
Received Import Request.
  Time since last request: 0.000312 seconds.
  path: Assets/Scenes/45/ob2.mp4
  artifactKey: Guid(53a8d6cb64a2c48aa952fa7f0422b2e6) Importer(815301076,1909f56bfc062723c751e8b465ee728b)
Start importing Assets/Scenes/45/ob2.mp4 using Guid(53a8d6cb64a2c48aa952fa7f0422b2e6) Importer(815301076,1909f56bfc062723c751e8b465ee728b)  -> (artifact id: 'ec9a34ddd7364c45dcbd977b939d5c91') in 0.001767 seconds
  Import took 0.004621 seconds .

========================================================================
Received Import Request.
  Time since last request: 2.182650 seconds.
  path: Assets/Scenes/45/test
  artifactKey: Guid(ebff9a5e7a6794f04a8a9f58eed764f5) Importer(815301076,1909f56bfc062723c751e8b465ee728b)
Start importing Assets/Scenes/45/test using Guid(ebff9a5e7a6794f04a8a9f58eed764f5) Importer(815301076,1909f56bfc062723c751e8b465ee728b)  -> (artifact id: 'a40831623887faed5415e3c01803ae92') in 0.001158 seconds
  Import took 0.004938 seconds .

========================================================================
Received Import Request.
  Time since last request: 0.067331 seconds.
  path: Assets/Scenes/45/test/ob3.mp4
  artifactKey: Guid(4fe0202a68c8d46a4bed8dd85eacdbe1) Importer(815301076,1909f56bfc062723c751e8b465ee728b)
Start importing Assets/Scenes/45/test/ob3.mp4 using Guid(4fe0202a68c8d46a4bed8dd85eacdbe1) Importer(815301076,1909f56bfc062723c751e8b465ee728b)  -> (artifact id: 'e651f45e673b7ccc57d257f0cf982c1f') in 0.001561 seconds
  Import took 0.004838 seconds .

========================================================================
Received Prepare
Registering precompiled user dll's ...
Registered in 0.000440 seconds.
Begin MonoManager ReloadAssembly
Native extension for OSXStandalone target not found
Refreshing native plugins compatible for Editor in 0.26 ms, found 3 plugins.
Preloading 0 native plugins for Editor in 0.00 ms.
Invoked RoslynAnalysisRunner static constructor.
RoslynAnalysisRunner will not be running.
RoslynAnalysisRunner has terminated.
Mono: successfully reloaded assembly
- Completed reload, in  1.619 seconds
Platform modules already initialized, skipping
Refreshing native plugins compatible for Editor in 0.17 ms, found 3 plugins.
Preloading 0 native plugins for Editor in 0.00 ms.
Unloading 1253 Unused Serialized files (Serialized files now loaded: 0)
System memory in use before: 128.9 MB.
System memory in use after: 128.9 MB.

Unloading 12 unused Assets to reduce memory usage. Loaded Objects now: 1793.
Total: 1.158416 ms (FindLiveObjects: 0.091583 ms CreateObjectMapping: 0.027708 ms MarkObjects: 0.995750 ms  DeleteObjects: 0.042667 ms)

========================================================================
Received Import Request.
  Time since last request: 113.855833 seconds.
  path: Assets/Scenes/thirty.cs
  artifactKey: Guid(11607aec881964f2ab626a71c5884cf4) Importer(815301076,1909f56bfc062723c751e8b465ee728b)
Start importing Assets/Scenes/thirty.cs using Guid(11607aec881964f2ab626a71c5884cf4) Importer(815301076,1909f56bfc062723c751e8b465ee728b)  -> (artifact id: 'd71abe3f7211c96b1081cace3c494dc0') in 0.008804 seconds
  Import took 0.011071 seconds .

========================================================================
Received Prepare
Registering precompiled user dll's ...
Registered in 0.001377 seconds.
Begin MonoManager ReloadAssembly
Native extension for OSXStandalone target not found
Refreshing native plugins compatible for Editor in 0.37 ms, found 3 plugins.
Preloading 0 native plugins for Editor in 0.00 ms.
Invoked RoslynAnalysisRunner static constructor.
RoslynAnalysisRunner will not be running.
RoslynAnalysisRunner has terminated.
Mono: successfully reloaded assembly
- Completed reload, in  1.752 seconds
Platform modules already initialized, skipping
Refreshing native plugins compatible for Editor in 0.24 ms, found 3 plugins.
Preloading 0 native plugins for Editor in 0.00 ms.
Unloading 1253 Unused Serialized files (Serialized files now loaded: 0)
System memory in use before: 129.0 MB.
System memory in use after: 129.1 MB.

Unloading 12 unused Assets to reduce memory usage. Loaded Objects now: 1796.
Total: 1.207333 ms (FindLiveObjects: 0.148417 ms CreateObjectMapping: 0.026834 ms MarkObjects: 0.983792 ms  DeleteObjects: 0.047583 ms)

========================================================================
Received Prepare
Registering precompiled user dll's ...
Registered in 0.001121 seconds.
Begin MonoManager ReloadAssembly
Native extension for OSXStandalone target not found
Refreshing native plugins compatible for Editor in 0.27 ms, found 3 plugins.
Preloading 0 native plugins for Editor in 0.00 ms.
Invoked RoslynAnalysisRunner static constructor.
RoslynAnalysisRunner will not be running.
RoslynAnalysisRunner has terminated.
Mono: successfully reloaded assembly
- Completed reload, in  1.641 seconds
Platform modules already initialized, skipping
Refreshing native plugins compatible for Editor in 0.25 ms, found 3 plugins.
Preloading 0 native plugins for Editor in 0.00 ms.
Unloading 1253 Unused Serialized files (Serialized files now loaded: 0)
System memory in use before: 129.2 MB.
System memory in use after: 129.3 MB.

Unloading 12 unused Assets to reduce memory usage. Loaded Objects now: 1799.
Total: 1.167834 ms (FindLiveObjects: 0.133917 ms CreateObjectMapping: 0.026375 ms MarkObjects: 0.960167 ms  DeleteObjects: 0.046750 ms)

========================================================================
Received Import Request.
  Time since last request: 92.117525 seconds.
  path: Assets/Scenes/thirty.cs
  artifactKey: Guid(11607aec881964f2ab626a71c5884cf4) Importer(815301076,1909f56bfc062723c751e8b465ee728b)
Start importing Assets/Scenes/thirty.cs using Guid(11607aec881964f2ab626a71c5884cf4) Importer(815301076,1909f56bfc062723c751e8b465ee728b)  -> (artifact id: '7411eef7f7c248ba6d95612dd974fc4a') in 0.005272 seconds
  Import took 0.006729 seconds .

========================================================================
Received Import Request.
  Time since last request: 5.420029 seconds.
  path: Assets/Scenes/thirty.cs
  artifactKey: Guid(11607aec881964f2ab626a71c5884cf4) Importer(815301076,1909f56bfc062723c751e8b465ee728b)
Start importing Assets/Scenes/thirty.cs using Guid(11607aec881964f2ab626a71c5884cf4) Importer(815301076,1909f56bfc062723c751e8b465ee728b)  -> (artifact id: '7411eef7f7c248ba6d95612dd974fc4a') in 0.001025 seconds
  Import took 0.002817 seconds .

========================================================================
Received Prepare
Registering precompiled user dll's ...
Registered in 0.002345 seconds.
Begin MonoManager ReloadAssembly
Native extension for OSXStandalone target not found
Refreshing native plugins compatible for Editor in 0.25 ms, found 3 plugins.
Preloading 0 native plugins for Editor in 0.00 ms.
Invoked RoslynAnalysisRunner static constructor.
RoslynAnalysisRunner will not be running.
RoslynAnalysisRunner has terminated.
Mono: successfully reloaded assembly
- Completed reload, in  1.787 seconds
Platform modules already initialized, skipping
Refreshing native plugins compatible for Editor in 0.24 ms, found 3 plugins.
Preloading 0 native plugins for Editor in 0.00 ms.
Unloading 1253 Unused Serialized files (Serialized files now loaded: 0)
System memory in use before: 129.4 MB.
System memory in use after: 129.5 MB.

Unloading 12 unused Assets to reduce memory usage. Loaded Objects now: 1802.
Total: 1.262500 ms (FindLiveObjects: 0.183458 ms CreateObjectMapping: 0.027541 ms MarkObjects: 0.996084 ms  DeleteObjects: 0.054583 ms)

========================================================================
Received Import Request.
  Time since last request: 213.076513 seconds.
  path: Assets/Scenes/saveob2_30.mp4
  artifactKey: Guid(55408852af6bf4eb888304fe602844be) Importer(815301076,1909f56bfc062723c751e8b465ee728b)
Start importing Assets/Scenes/saveob2_30.mp4 using Guid(55408852af6bf4eb888304fe602844be) Importer(815301076,1909f56bfc062723c751e8b465ee728b)  -> (artifact id: '66ca5f0c19664ae7ba51416b1ee3714c') in 0.024144 seconds
  Import took 0.025933 seconds .

========================================================================
Received Import Request.
  Time since last request: 0.000265 seconds.
  path: Assets/Scenes/ob_45.mp4
  artifactKey: Guid(1f5df6d9ada8d43bda69a03fe183190c) Importer(815301076,1909f56bfc062723c751e8b465ee728b)
Start importing Assets/Scenes/ob_45.mp4 using Guid(1f5df6d9ada8d43bda69a03fe183190c) Importer(815301076,1909f56bfc062723c751e8b465ee728b)  -> (artifact id: '0d380ce0e7e6b27bec3246ecf36743c4') in 0.001845 seconds
  Import took 0.003692 seconds .

========================================================================
Received Import Request.
  Time since last request: 0.000291 seconds.
  path: Assets/Scenes/ob_60.mp4
  artifactKey: Guid(c5c8d23257e874f6fae576772c82171e) Importer(815301076,1909f56bfc062723c751e8b465ee728b)
Start importing Assets/Scenes/ob_60.mp4 using Guid(c5c8d23257e874f6fae576772c82171e) Importer(815301076,1909f56bfc062723c751e8b465ee728b)  -> (artifact id: 'e17eb0ae6105b5829f47ed4e9c3c7710') in 0.001978 seconds
  Import took 0.003782 seconds .

========================================================================
Received Import Request.
  Time since last request: 0.000377 seconds.
  path: Assets/Scenes/save00057691_30.mp4
  artifactKey: Guid(e4dd991e1b94d48fd942000b8e1eaf61) Importer(815301076,1909f56bfc062723c751e8b465ee728b)
Start importing Assets/Scenes/save00057691_30.mp4 using Guid(e4dd991e1b94d48fd942000b8e1eaf61) Importer(815301076,1909f56bfc062723c751e8b465ee728b)  -> (artifact id: '7d61419e46f429b5232dc61e80e7632d') in 0.002085 seconds
  Import took 0.003970 seconds .

========================================================================
Received Import Request.
  Time since last request: 0.000328 seconds.
  path: Assets/Scenes/00057691_60.mp4
  artifactKey: Guid(33976c06b9aa546709b37b928471e581) Importer(815301076,1909f56bfc062723c751e8b465ee728b)
Start importing Assets/Scenes/00057691_60.mp4 using Guid(33976c06b9aa546709b37b928471e581) Importer(815301076,1909f56bfc062723c751e8b465ee728b)  -> (artifact id: '56a7975deb419001634f48ee7a7a70d4') in 0.001747 seconds
  Import took 0.003419 seconds .

========================================================================
Received Import Request.
  Time since last request: 0.000307 seconds.
  path: Assets/Scenes/00054057_45.mp4
  artifactKey: Guid(7a0ae9391cf5a43d692347a8429faef4) Importer(815301076,1909f56bfc062723c751e8b465ee728b)
Start importing Assets/Scenes/00054057_45.mp4 using Guid(7a0ae9391cf5a43d692347a8429faef4) Importer(815301076,1909f56bfc062723c751e8b465ee728b)  -> (artifact id: '43f45c591463df1183736f79218a4956') in 0.001467 seconds
  Import took 0.002838 seconds .

========================================================================
Received Import Request.
  Time since last request: 0.000245 seconds.
  path: Assets/Scenes/00054057_60.mp4
  artifactKey: Guid(2a390ba015c39453d82c0a39ead32a71) Importer(815301076,1909f56bfc062723c751e8b465ee728b)
Start importing Assets/Scenes/00054057_60.mp4 using Guid(2a390ba015c39453d82c0a39ead32a71) Importer(815301076,1909f56bfc062723c751e8b465ee728b)  -> (artifact id: 'c3011106852889c19b1bb39227b89704') in 0.001945 seconds
  Import took 0.003557 seconds .

========================================================================
Received Import Request.
  Time since last request: 0.000372 seconds.
  path: Assets/Scenes/00057691_45.mp4
  artifactKey: Guid(4d49ae01a546a494d902cdcb1d45b711) Importer(815301076,1909f56bfc062723c751e8b465ee728b)
Start importing Assets/Scenes/00057691_45.mp4 using Guid(4d49ae01a546a494d902cdcb1d45b711) Importer(815301076,1909f56bfc062723c751e8b465ee728b)  -> (artifact id: 'fbd50872bce3356c0898b836a26a60cf') in 0.001748 seconds
  Import took 0.003282 seconds .

========================================================================
Received Import Request.
  Time since last request: 0.000202 seconds.
  path: Assets/Scenes/ob2_60.mp4
  artifactKey: Guid(8d89fc7cdfa9243ba8793f5b041c7831) Importer(815301076,1909f56bfc062723c751e8b465ee728b)
Start importing Assets/Scenes/ob2_60.mp4 using Guid(8d89fc7cdfa9243ba8793f5b041c7831) Importer(815301076,1909f56bfc062723c751e8b465ee728b)  -> (artifact id: '625b5013d03e00d8ab554e7c7d81c1df') in 0.001429 seconds
  Import took 0.002930 seconds .

========================================================================
Received Import Request.
  Time since last request: 0.000177 seconds.
  path: Assets/Scenes/saveob_30.mp4
  artifactKey: Guid(5c0ab7c767d714182b2bb0d85f734425) Importer(815301076,1909f56bfc062723c751e8b465ee728b)
Start importing Assets/Scenes/saveob_30.mp4 using Guid(5c0ab7c767d714182b2bb0d85f734425) Importer(815301076,1909f56bfc062723c751e8b465ee728b)  -> (artifact id: 'b773af0251b384a91927a20fa03ad123') in 0.001245 seconds
  Import took 0.002797 seconds .

========================================================================
Received Import Request.
  Time since last request: 0.000272 seconds.
  path: Assets/Scenes/save00054057_30.mp4
  artifactKey: Guid(473744464d3fb45cc89c0d520cca97c7) Importer(815301076,1909f56bfc062723c751e8b465ee728b)
Start importing Assets/Scenes/save00054057_30.mp4 using Guid(473744464d3fb45cc89c0d520cca97c7) Importer(815301076,1909f56bfc062723c751e8b465ee728b)  -> (artifact id: '3ff385dbeeb0754017351d9787e32c59') in 0.001494 seconds
  Import took 0.002959 seconds .

========================================================================
Received Import Request.
  Time since last request: 0.000288 seconds.
  path: Assets/Scenes/ob2_45.mp4
  artifactKey: Guid(13d5026d15dfd45029f69f94c2126a70) Importer(815301076,1909f56bfc062723c751e8b465ee728b)
Start importing Assets/Scenes/ob2_45.mp4 using Guid(13d5026d15dfd45029f69f94c2126a70) Importer(815301076,1909f56bfc062723c751e8b465ee728b)  -> (artifact id: '912d0cc6409a263c8a392d499a12450b') in 0.002106 seconds
  Import took 0.003777 seconds .

========================================================================
Received Import Request.
  Time since last request: 22.872017 seconds.
  path: Assets/Scenes/test
  artifactKey: Guid(55e9f5749ac884d54886f05d759f2a3c) Importer(815301076,1909f56bfc062723c751e8b465ee728b)
Start importing Assets/Scenes/test using Guid(55e9f5749ac884d54886f05d759f2a3c) Importer(815301076,1909f56bfc062723c751e8b465ee728b)  -> (artifact id: 'e377fefdb2fa26103dfbf37b684f8574') in 0.001878 seconds
  Import took 0.010643 seconds .

========================================================================
Received Import Request.
  Time since last request: 0.205862 seconds.
  path: Assets/Scenes/test/ob3_45.mp4
  artifactKey: Guid(cf0b43a8b0c5344d694ffbae5a9e479f) Importer(815301076,1909f56bfc062723c751e8b465ee728b)
Start importing Assets/Scenes/test/ob3_45.mp4 using Guid(cf0b43a8b0c5344d694ffbae5a9e479f) Importer(815301076,1909f56bfc062723c751e8b465ee728b)  -> (artifact id: '2c8d860eaeecb638d2ee41fa9d70b0a5') in 0.006466 seconds
  Import took 0.009179 seconds .

========================================================================
Received Import Request.
  Time since last request: 0.000230 seconds.
  path: Assets/Scenes/test/ob3_60.mp4
  artifactKey: Guid(b8c0b5803ca864c5a94a9e72abb0ebab) Importer(815301076,1909f56bfc062723c751e8b465ee728b)
Start importing Assets/Scenes/test/ob3_60.mp4 using Guid(b8c0b5803ca864c5a94a9e72abb0ebab) Importer(815301076,1909f56bfc062723c751e8b465ee728b)  -> (artifact id: '1ee8d06bda1bca2b0c7725c629e37f3e') in 0.002063 seconds
  Import took 0.004369 seconds .

