Using pre-set license

 COMMAND LINE ARGUMENTS:
/Applications/Unity/Hub/Editor/2020.3.2f1/Unity.app/Contents/MacOS/Unity
-adb2
-batchMode
-noUpm
-name
AssetImportWorker0
-projectPath
/Users/kcy/Documents/GitHub/Event-based-3D-Reconstruction/v2e/input/0403_cube/Cube_Unity
-logFile
Logs/AssetImportWorker0.log
-srvPort
51288
Successfully changed project path to: /Users/kcy/Documents/GitHub/Event-based-3D-Reconstruction/v2e/input/0403_cube/Cube_Unity
/Users/kcy/Documents/GitHub/Event-based-3D-Reconstruction/v2e/input/0403_cube/Cube_Unity
Using Asset Import Pipeline V2.
Refreshing native plugins compatible for Editor in 38.34 ms, found 4 plugins.
Preloading 0 native plugins for Editor in 0.00 ms.
Initialize engine version: 2020.3.2f1 (8fd9074bf66c)
[Subsystems] Discovering subsystems at path /Applications/Unity/Hub/Editor/2020.3.2f1/Unity.app/Contents/Resources/UnitySubsystems
[Subsystems] Discovering subsystems at path /Users/kcy/Documents/GitHub/Event-based-3D-Reconstruction/v2e/input/0403_cube/Cube_Unity/Assets
GfxDevice: creating device client; threaded=0
2021-04-26 12:41:39.368 Unity[1849:86733] Color LCD preferred device: Intel(R) Iris(TM) Plus Graphics 655 (low power)
2021-04-26 12:41:39.368 Unity[1849:86733] Metal devices available: 1
2021-04-26 12:41:39.368 Unity[1849:86733] 0: Intel(R) Iris(TM) Plus Graphics 655 (low power)
2021-04-26 12:41:39.368 Unity[1849:86733] Using device Intel(R) Iris(TM) Plus Graphics 655 (low power)
Initializing Metal device caps: Intel(R) Iris(TM) Plus Graphics 655
Initialize mono
Mono path[0] = '/Applications/Unity/Hub/Editor/2020.3.2f1/Unity.app/Contents/Managed'
Mono path[1] = '/Applications/Unity/Hub/Editor/2020.3.2f1/Unity.app/Contents/MonoBleedingEdge/lib/mono/unityjit'
Mono config path = '/Applications/Unity/Hub/Editor/2020.3.2f1/Unity.app/Contents/MonoBleedingEdge/etc'
Using monoOptions --debugger-agent=transport=dt_socket,embedding=1,server=y,suspend=n,address=127.0.0.1:56849
Begin MonoManager ReloadAssembly
Registering precompiled unity dll's ...
Register platform support module: /Applications/Unity/Hub/Editor/2020.3.2f1/PlaybackEngines/WebGLSupport/UnityEditor.WebGL.Extensions.dll
Register platform support module: /Applications/Unity/Hub/Editor/2020.3.2f1/Unity.app/Contents/PlaybackEngines/MacStandaloneSupport/UnityEditor.OSXStandalone.Extensions.dll
Registered in 0.002386 seconds.
Native extension for OSXStandalone target not found
Native extension for WebGL target not found
Refreshing native plugins compatible for Editor in 33.21 ms, found 4 plugins.
Preloading 0 native plugins for Editor in 0.00 ms.
Invoked RoslynAnalysisRunner static constructor.
RoslynAnalysisRunner will not be running.
RoslynAnalysisRunner has terminated.
Mono: successfully reloaded assembly
- Completed reload, in  2.083 seconds
Platform modules already initialized, skipping
Registering precompiled user dll's ...
Registered in 0.001480 seconds.
Begin MonoManager ReloadAssembly
Native extension for OSXStandalone target not found
Native extension for WebGL target not found
Refreshing native plugins compatible for Editor in 0.36 ms, found 4 plugins.
Preloading 0 native plugins for Editor in 0.00 ms.
Invoked RoslynAnalysisRunner static constructor.
RoslynAnalysisRunner will not be running.
RoslynAnalysisRunner has terminated.
Mono: successfully reloaded assembly
- Completed reload, in  1.092 seconds
Platform modules already initialized, skipping
========================================================================
Worker process is ready to serve import requests
Launching external process: /Applications/Unity/Hub/Editor/2020.3.2f1/Unity.app/Contents/Tools/UnityShaderCompiler
Launched and connected shader compiler UnityShaderCompiler after 0.01 seconds
Refreshing native plugins compatible for Editor in 0.60 ms, found 4 plugins.
Preloading 0 native plugins for Editor in 0.00 ms.
Unloading 1304 Unused Serialized files (Serialized files now loaded: 0)
System memory in use before: 132.6 MB.
System memory in use after: 132.6 MB.

Unloading 18 unused Assets to reduce memory usage. Loaded Objects now: 1754.
Total: 2.763944 ms (FindLiveObjects: 0.280553 ms CreateObjectMapping: 0.102492 ms MarkObjects: 2.267447 ms  DeleteObjects: 0.112266 ms)

========================================================================
Received Import Request.
  path: Assets/Laptop/laptop_d.tga
  artifactKey: Guid(73580c47eab753b47ba9b9680de8f055) Importer(815301076,1909f56bfc062723c751e8b465ee728b)
Start importing Assets/Laptop/laptop_d.tga using Guid(73580c47eab753b47ba9b9680de8f055) Importer(815301076,1909f56bfc062723c751e8b465ee728b)  -> (artifact id: '6c644bf9d6a7bd3bfddf74a6433f3545') in 1.323125 seconds
  Import took 1.328991 seconds .

========================================================================
Received Import Request.
  Time since last request: 0.000211 seconds.
  path: Assets/Laptop/laptop_e.jpg
  artifactKey: Guid(4eeae465dee0b8a4194a3f390bf49602) Importer(815301076,1909f56bfc062723c751e8b465ee728b)
Start importing Assets/Laptop/laptop_e.jpg using Guid(4eeae465dee0b8a4194a3f390bf49602) Importer(815301076,1909f56bfc062723c751e8b465ee728b)  -> (artifact id: '747d7f04040e7fbdf511dd5a76074249') in 1.143207 seconds
  Import took 1.146433 seconds .

========================================================================
Received Import Request.
  Time since last request: 0.000274 seconds.
  path: Assets/Laptop/laptop.prefab
  artifactKey: Guid(d95dfe9eeea7731489064565a2d8b306) Importer(815301076,1909f56bfc062723c751e8b465ee728b)
Start importing Assets/Laptop/laptop.prefab using Guid(d95dfe9eeea7731489064565a2d8b306) Importer(815301076,1909f56bfc062723c751e8b465ee728b)  -> (artifact id: 'db70fe23f06612a20268b6ce0db14526') in 1.615244 seconds
  Import took 1.628010 seconds .

========================================================================
Received Import Request.
  Time since last request: 0.000253 seconds.
  path: Assets/Laptop/laptop_ao.tga
  artifactKey: Guid(26156147a2ed42744a03b6f5c1ca0499) Importer(815301076,1909f56bfc062723c751e8b465ee728b)
Start importing Assets/Laptop/laptop_ao.tga using Guid(26156147a2ed42744a03b6f5c1ca0499) Importer(815301076,1909f56bfc062723c751e8b465ee728b)  -> (artifact id: '1fe13c9c593f63e6150d762638c9f8b2') in 0.039283 seconds
  Import took 0.044025 seconds .

========================================================================
Received Import Request.
  Time since last request: 0.000271 seconds.
  path: Assets/Laptop/laptop_s.tga
  artifactKey: Guid(356f2bc3a03d6b3448768ab986a926b2) Importer(815301076,1909f56bfc062723c751e8b465ee728b)
Start importing Assets/Laptop/laptop_s.tga using Guid(356f2bc3a03d6b3448768ab986a926b2) Importer(815301076,1909f56bfc062723c751e8b465ee728b)  -> (artifact id: '09a622d08565ebc6ce73df776a715672') in 0.047662 seconds
  Import took 0.052628 seconds .

========================================================================
Received Import Request.
  Time since last request: 0.000186 seconds.
  path: Assets/Laptop/laptop_n.tga
  artifactKey: Guid(7349e76c837a33e42a61a654719f1045) Importer(815301076,1909f56bfc062723c751e8b465ee728b)
Start importing Assets/Laptop/laptop_n.tga using Guid(7349e76c837a33e42a61a654719f1045) Importer(815301076,1909f56bfc062723c751e8b465ee728b)  -> (artifact id: 'e98ff9d116f81b26e0beef3b826e4da1') in 0.064324 seconds
  Import took 0.069790 seconds .

========================================================================
Received Import Request.
  Time since last request: 0.000244 seconds.
  path: Assets/Laptop/laptop.mat
  artifactKey: Guid(54c38eb35b5848443a34928936331d6b) Importer(815301076,1909f56bfc062723c751e8b465ee728b)
Start importing Assets/Laptop/laptop.mat using Guid(54c38eb35b5848443a34928936331d6b) Importer(815301076,1909f56bfc062723c751e8b465ee728b)  -> (artifact id: '0319eef06b9889b397ebf2f7796e2f47') in 0.508116 seconds
  Import took 0.521690 seconds .

========================================================================
Received Import Request.
  Time since last request: 0.000254 seconds.
  path: Assets/Laptop/laptop_mask.tga
  artifactKey: Guid(0a5a7b5309c68f14e9fa2c43fadc92fe) Importer(815301076,1909f56bfc062723c751e8b465ee728b)
Start importing Assets/Laptop/laptop_mask.tga using Guid(0a5a7b5309c68f14e9fa2c43fadc92fe) Importer(815301076,1909f56bfc062723c751e8b465ee728b)  -> (artifact id: '08a88bff7d0d554dad5748c7d6e90a89') in 0.009292 seconds
  Import took 0.012447 seconds .

========================================================================
Received Import Request.
  Time since last request: 0.000333 seconds.
  path: Assets/Laptop/laptop.FBX
  artifactKey: Guid(164019ee72ba6df4b934f413f2374e40) Importer(815301076,1909f56bfc062723c751e8b465ee728b)
Start importing Assets/Laptop/laptop.FBX using Guid(164019ee72ba6df4b934f413f2374e40) Importer(815301076,1909f56bfc062723c751e8b465ee728b)  -> (artifact id: 'e50bd5e09e641ef3e957da48e506169b') in 0.326461 seconds
  Import took 0.329532 seconds .

========================================================================
Received Import Request.
  Time since last request: 60.933292 seconds.
  path: Assets/Laptop/StandardColorMask.shader
  artifactKey: Guid(3048b63456d514c4c93dba0f700343dc) Importer(815301076,1909f56bfc062723c751e8b465ee728b)
Start importing Assets/Laptop/StandardColorMask.shader using Guid(3048b63456d514c4c93dba0f700343dc) Importer(815301076,1909f56bfc062723c751e8b465ee728b)  -> (artifact id: '2eae84aa9e69681ca6c3bbd03c2e6fc6') in 0.173754 seconds
  Import took 0.177144 seconds .

========================================================================
Received Import Request.
  Time since last request: 12.913227 seconds.
  path: Assets/NewBehaviourScript.cs
  artifactKey: Guid(25ac7029584a4234787f93677dff4e17) Importer(815301076,1909f56bfc062723c751e8b465ee728b)
Start importing Assets/NewBehaviourScript.cs using Guid(25ac7029584a4234787f93677dff4e17) Importer(815301076,1909f56bfc062723c751e8b465ee728b)  -> (artifact id: 'a337f850f5aca953061de17927e2d4c7') in 1.074858 seconds
  Import took 1.077881 seconds .

========================================================================
Received Prepare
Registering precompiled user dll's ...
Registered in 0.003074 seconds.
Begin MonoManager ReloadAssembly
Native extension for OSXStandalone target not found
Native extension for WebGL target not found
Refreshing native plugins compatible for Editor in 0.50 ms, found 4 plugins.
Preloading 0 native plugins for Editor in 0.00 ms.
Invoked RoslynAnalysisRunner static constructor.
RoslynAnalysisRunner will not be running.
RoslynAnalysisRunner has terminated.
Mono: successfully reloaded assembly
- Completed reload, in  1.732 seconds
Platform modules already initialized, skipping
Refreshing native plugins compatible for Editor in 0.49 ms, found 4 plugins.
Preloading 0 native plugins for Editor in 0.00 ms.
Unloading 1284 Unused Serialized files (Serialized files now loaded: 0)
System memory in use before: 165.0 MB.
System memory in use after: 165.0 MB.

Unloading 14 unused Assets to reduce memory usage. Loaded Objects now: 1804.
Total: 2.334047 ms (FindLiveObjects: 0.224730 ms CreateObjectMapping: 0.068720 ms MarkObjects: 1.954826 ms  DeleteObjects: 0.084347 ms)

========================================================================
Received Prepare
Registering precompiled user dll's ...
Registered in 0.000765 seconds.
Begin MonoManager ReloadAssembly
Native extension for OSXStandalone target not found
Native extension for WebGL target not found
Refreshing native plugins compatible for Editor in 0.37 ms, found 4 plugins.
Preloading 0 native plugins for Editor in 0.00 ms.
Invoked RoslynAnalysisRunner static constructor.
RoslynAnalysisRunner will not be running.
RoslynAnalysisRunner has terminated.
Mono: successfully reloaded assembly
- Completed reload, in  1.025 seconds
Platform modules already initialized, skipping
Refreshing native plugins compatible for Editor in 0.37 ms, found 4 plugins.
Preloading 0 native plugins for Editor in 0.00 ms.
Unloading 1284 Unused Serialized files (Serialized files now loaded: 0)
System memory in use before: 165.2 MB.
System memory in use after: 165.2 MB.

Unloading 13 unused Assets to reduce memory usage. Loaded Objects now: 1807.
Total: 1.967566 ms (FindLiveObjects: 0.261308 ms CreateObjectMapping: 0.055923 ms MarkObjects: 1.592507 ms  DeleteObjects: 0.056632 ms)

========================================================================
Received Import Request.
  Time since last request: 338.296280 seconds.
  path: Assets/NewBehaviourScript.cs
  artifactKey: Guid(25ac7029584a4234787f93677dff4e17) Importer(815301076,1909f56bfc062723c751e8b465ee728b)
Start importing Assets/NewBehaviourScript.cs using Guid(25ac7029584a4234787f93677dff4e17) Importer(815301076,1909f56bfc062723c751e8b465ee728b)  -> (artifact id: '5832b6ba3f59e88fdcd4c07bbd5140a2') in 0.011988 seconds
  Import took 0.015852 seconds .

========================================================================
Received Prepare
Registering precompiled user dll's ...
Registered in 0.003968 seconds.
Begin MonoManager ReloadAssembly
Native extension for OSXStandalone target not found
Native extension for WebGL target not found
Refreshing native plugins compatible for Editor in 0.48 ms, found 4 plugins.
Preloading 0 native plugins for Editor in 0.00 ms.
Invoked RoslynAnalysisRunner static constructor.
RoslynAnalysisRunner will not be running.
RoslynAnalysisRunner has terminated.
Mono: successfully reloaded assembly
- Completed reload, in  1.589 seconds
Platform modules already initialized, skipping
Refreshing native plugins compatible for Editor in 0.46 ms, found 4 plugins.
Preloading 0 native plugins for Editor in 0.00 ms.
Unloading 1284 Unused Serialized files (Serialized files now loaded: 0)
System memory in use before: 165.5 MB.
System memory in use after: 165.5 MB.

Unloading 13 unused Assets to reduce memory usage. Loaded Objects now: 1810.
Total: 2.185120 ms (FindLiveObjects: 0.198250 ms CreateObjectMapping: 0.057730 ms MarkObjects: 1.853711 ms  DeleteObjects: 0.074198 ms)

========================================================================
Received Prepare
Registering precompiled user dll's ...
Registered in 0.001288 seconds.
Begin MonoManager ReloadAssembly
Native extension for OSXStandalone target not found
Native extension for WebGL target not found
Refreshing native plugins compatible for Editor in 0.37 ms, found 4 plugins.
Preloading 0 native plugins for Editor in 0.00 ms.
Invoked RoslynAnalysisRunner static constructor.
RoslynAnalysisRunner will not be running.
RoslynAnalysisRunner has terminated.
Mono: successfully reloaded assembly
- Completed reload, in  1.102 seconds
Platform modules already initialized, skipping
Refreshing native plugins compatible for Editor in 0.65 ms, found 4 plugins.
Preloading 0 native plugins for Editor in 0.00 ms.
Unloading 1284 Unused Serialized files (Serialized files now loaded: 0)
System memory in use before: 165.7 MB.
System memory in use after: 165.7 MB.

Unloading 13 unused Assets to reduce memory usage. Loaded Objects now: 1813.
Total: 4.020370 ms (FindLiveObjects: 0.607438 ms CreateObjectMapping: 0.130970 ms MarkObjects: 3.210465 ms  DeleteObjects: 0.068000 ms)

========================================================================
Received Import Request.
  Time since last request: 345.053914 seconds.
  path: Assets/NewBehaviourScript.cs
  artifactKey: Guid(25ac7029584a4234787f93677dff4e17) Importer(815301076,1909f56bfc062723c751e8b465ee728b)
Start importing Assets/NewBehaviourScript.cs using Guid(25ac7029584a4234787f93677dff4e17) Importer(815301076,1909f56bfc062723c751e8b465ee728b)  -> (artifact id: 'd2cd46dbc6983b5ea6b50de4e5a46be8') in 0.006002 seconds
  Import took 0.009710 seconds .

========================================================================
Received Prepare
Registering precompiled user dll's ...
Registered in 0.002861 seconds.
Begin MonoManager ReloadAssembly
Native extension for OSXStandalone target not found
Native extension for WebGL target not found
Refreshing native plugins compatible for Editor in 0.43 ms, found 4 plugins.
Preloading 0 native plugins for Editor in 0.00 ms.
Invoked RoslynAnalysisRunner static constructor.
RoslynAnalysisRunner will not be running.
RoslynAnalysisRunner has terminated.
Mono: successfully reloaded assembly
- Completed reload, in  1.205 seconds
Platform modules already initialized, skipping
Refreshing native plugins compatible for Editor in 0.37 ms, found 4 plugins.
Preloading 0 native plugins for Editor in 0.00 ms.
Unloading 1284 Unused Serialized files (Serialized files now loaded: 0)
System memory in use before: 165.9 MB.
System memory in use after: 165.9 MB.

Unloading 13 unused Assets to reduce memory usage. Loaded Objects now: 1816.
Total: 1.988391 ms (FindLiveObjects: 0.254293 ms CreateObjectMapping: 0.066908 ms MarkObjects: 1.587369 ms  DeleteObjects: 0.078079 ms)

========================================================================
Received Import Request.
  Time since last request: 259.050529 seconds.
  path: Assets/Smartphone/screen.mat
  artifactKey: Guid(d4fc12dc9beafa44e9f614b7b6ef70c7) Importer(815301076,1909f56bfc062723c751e8b465ee728b)
Start importing Assets/Smartphone/screen.mat using Guid(d4fc12dc9beafa44e9f614b7b6ef70c7) Importer(815301076,1909f56bfc062723c751e8b465ee728b)  -> (artifact id: '3964e4f0af37c9e403c689fe45e7af9f') in 0.822466 seconds
  Import took 0.832007 seconds .

========================================================================
Received Import Request.
  Time since last request: 0.000242 seconds.
  path: Assets/Smartphone/smartphone.prefab
  artifactKey: Guid(42db2464346d91c47b812288879592f1) Importer(815301076,1909f56bfc062723c751e8b465ee728b)
Start importing Assets/Smartphone/smartphone.prefab using Guid(42db2464346d91c47b812288879592f1) Importer(815301076,1909f56bfc062723c751e8b465ee728b)  -> (artifact id: '7255d4600571f09d8553a0a376921ad8') in 0.357560 seconds
  Import took 0.376375 seconds .

========================================================================
Received Import Request.
  Time since last request: 0.000246 seconds.
  path: Assets/Smartphone/smartphone_screen.jpg
  artifactKey: Guid(9d60262e41ffc3b4aa3b8e53643b334b) Importer(815301076,1909f56bfc062723c751e8b465ee728b)
Start importing Assets/Smartphone/smartphone_screen.jpg using Guid(9d60262e41ffc3b4aa3b8e53643b334b) Importer(815301076,1909f56bfc062723c751e8b465ee728b)  -> (artifact id: '53a13338eacdb6e888e964d7640048ba') in 0.020445 seconds
  Import took 0.023152 seconds .

========================================================================
Received Import Request.
  Time since last request: 0.000264 seconds.
  path: Assets/Smartphone/smartphone_d.jpg
  artifactKey: Guid(2641e463111fc41468d3192e1fd2946e) Importer(815301076,1909f56bfc062723c751e8b465ee728b)
Start importing Assets/Smartphone/smartphone_d.jpg using Guid(2641e463111fc41468d3192e1fd2946e) Importer(815301076,1909f56bfc062723c751e8b465ee728b)  -> (artifact id: 'bd7c1141e1ca6cabeceb95065a329c9b') in 0.025117 seconds
  Import took 0.030804 seconds .

========================================================================
Received Import Request.
  Time since last request: 0.000312 seconds.
  path: Assets/Smartphone/smartphone.FBX
  artifactKey: Guid(4e9bb637798979a4ca9e30741b7e2c77) Importer(815301076,1909f56bfc062723c751e8b465ee728b)
Start importing Assets/Smartphone/smartphone.FBX using Guid(4e9bb637798979a4ca9e30741b7e2c77) Importer(815301076,1909f56bfc062723c751e8b465ee728b)  -> (artifact id: '3c7e50411b15d30d99f90bda198106a6') in 0.042507 seconds
  Import took 0.046015 seconds .

========================================================================
Received Import Request.
  Time since last request: 0.000249 seconds.
  path: Assets/Smartphone/smartphone.mat
  artifactKey: Guid(4fb885b0b011ab44b82a6408dd6842d6) Importer(815301076,1909f56bfc062723c751e8b465ee728b)
Start importing Assets/Smartphone/smartphone.mat using Guid(4fb885b0b011ab44b82a6408dd6842d6) Importer(815301076,1909f56bfc062723c751e8b465ee728b)  -> (artifact id: 'cd72e3f9a99a65fbe15c50411c0a96b0') in 0.106307 seconds
  Import took 0.123953 seconds .

========================================================================
Received Import Request.
  Time since last request: 0.000280 seconds.
  path: Assets/Smartphone/smartphone_ao.tga
  artifactKey: Guid(0ffa4db0d1986dc40aeab4ada94a1679) Importer(815301076,1909f56bfc062723c751e8b465ee728b)
Start importing Assets/Smartphone/smartphone_ao.tga using Guid(0ffa4db0d1986dc40aeab4ada94a1679) Importer(815301076,1909f56bfc062723c751e8b465ee728b)  -> (artifact id: '1f49660e245453d8fa891c527a2f8186') in 0.028554 seconds
  Import took 0.035820 seconds .

========================================================================
Received Import Request.
  Time since last request: 0.000342 seconds.
  path: Assets/Smartphone/smartphone_s.tga
  artifactKey: Guid(e72c489740867f849a9a02c973f5f9d2) Importer(815301076,1909f56bfc062723c751e8b465ee728b)
Start importing Assets/Smartphone/smartphone_s.tga using Guid(e72c489740867f849a9a02c973f5f9d2) Importer(815301076,1909f56bfc062723c751e8b465ee728b)  -> (artifact id: '251f07fac5b567e41bfec15437327aa6') in 0.023158 seconds
  Import took 0.029984 seconds .

========================================================================
Received Import Request.
  Time since last request: 0.000257 seconds.
  path: Assets/Smartphone/smartphone_mask.jpg
  artifactKey: Guid(3e7f145e17b0aae40b1d33f9edbcafd6) Importer(815301076,1909f56bfc062723c751e8b465ee728b)
Start importing Assets/Smartphone/smartphone_mask.jpg using Guid(3e7f145e17b0aae40b1d33f9edbcafd6) Importer(815301076,1909f56bfc062723c751e8b465ee728b)  -> (artifact id: 'e2d540ebb9e2d9b9bfecec60e1e7fd62') in 0.020961 seconds
  Import took 0.025461 seconds .

========================================================================
Received Import Request.
  Time since last request: 0.000241 seconds.
  path: Assets/Smartphone/smartphone_n.tga
  artifactKey: Guid(d67fec32a0f33184dbab2ed7d58108be) Importer(815301076,1909f56bfc062723c751e8b465ee728b)
Start importing Assets/Smartphone/smartphone_n.tga using Guid(d67fec32a0f33184dbab2ed7d58108be) Importer(815301076,1909f56bfc062723c751e8b465ee728b)  -> (artifact id: '8a4f9656adb8b0b4594290d49dcc724a') in 0.026770 seconds
  Import took 0.033540 seconds .

========================================================================
Received Prepare
Registering precompiled user dll's ...
Registered in 0.003770 seconds.
Begin MonoManager ReloadAssembly
Native extension for OSXStandalone target not found
Native extension for WebGL target not found
Refreshing native plugins compatible for Editor in 0.37 ms, found 4 plugins.
Preloading 0 native plugins for Editor in 0.00 ms.
Invoked RoslynAnalysisRunner static constructor.
RoslynAnalysisRunner will not be running.
RoslynAnalysisRunner has terminated.
Mono: successfully reloaded assembly
- Completed reload, in  1.106 seconds
Platform modules already initialized, skipping
Refreshing native plugins compatible for Editor in 0.52 ms, found 4 plugins.
Preloading 0 native plugins for Editor in 0.00 ms.
Unloading 1284 Unused Serialized files (Serialized files now loaded: 0)
System memory in use before: 166.4 MB.
System memory in use after: 166.5 MB.

Unloading 14 unused Assets to reduce memory usage. Loaded Objects now: 1822.
Total: 1.755684 ms (FindLiveObjects: 0.266464 ms CreateObjectMapping: 0.043036 ms MarkObjects: 1.384670 ms  DeleteObjects: 0.060659 ms)

========================================================================
Received Prepare
Registering precompiled user dll's ...
Registered in 0.000732 seconds.
Begin MonoManager ReloadAssembly
Native extension for OSXStandalone target not found
Native extension for WebGL target not found
Refreshing native plugins compatible for Editor in 0.50 ms, found 4 plugins.
Preloading 0 native plugins for Editor in 0.00 ms.
Invoked RoslynAnalysisRunner static constructor.
RoslynAnalysisRunner will not be running.
RoslynAnalysisRunner has terminated.
Mono: successfully reloaded assembly
- Completed reload, in  1.020 seconds
Platform modules already initialized, skipping
Refreshing native plugins compatible for Editor in 0.35 ms, found 4 plugins.
Preloading 0 native plugins for Editor in 0.00 ms.
Unloading 1284 Unused Serialized files (Serialized files now loaded: 0)
System memory in use before: 166.6 MB.
System memory in use after: 166.7 MB.

Unloading 13 unused Assets to reduce memory usage. Loaded Objects now: 1825.
Total: 1.898289 ms (FindLiveObjects: 0.202100 ms CreateObjectMapping: 0.054785 ms MarkObjects: 1.577129 ms  DeleteObjects: 0.063387 ms)

========================================================================
Received Prepare
Registering precompiled user dll's ...
Registered in 0.002169 seconds.
Begin MonoManager ReloadAssembly
Native extension for OSXStandalone target not found
Native extension for WebGL target not found
Refreshing native plugins compatible for Editor in 0.36 ms, found 4 plugins.
Preloading 0 native plugins for Editor in 0.00 ms.
Invoked RoslynAnalysisRunner static constructor.
RoslynAnalysisRunner will not be running.
RoslynAnalysisRunner has terminated.
Mono: successfully reloaded assembly
- Completed reload, in  1.001 seconds
Platform modules already initialized, skipping
Refreshing native plugins compatible for Editor in 0.54 ms, found 4 plugins.
Preloading 0 native plugins for Editor in 0.00 ms.
Unloading 1284 Unused Serialized files (Serialized files now loaded: 0)
System memory in use before: 166.8 MB.
System memory in use after: 166.9 MB.

Unloading 13 unused Assets to reduce memory usage. Loaded Objects now: 1828.
Total: 1.642156 ms (FindLiveObjects: 0.192162 ms CreateObjectMapping: 0.039695 ms MarkObjects: 1.352598 ms  DeleteObjects: 0.056565 ms)

========================================================================
Received Prepare
Registering precompiled user dll's ...
Registered in 0.002078 seconds.
Begin MonoManager ReloadAssembly
Native extension for OSXStandalone target not found
Native extension for WebGL target not found
Refreshing native plugins compatible for Editor in 0.39 ms, found 4 plugins.
Preloading 0 native plugins for Editor in 0.00 ms.
Invoked RoslynAnalysisRunner static constructor.
RoslynAnalysisRunner will not be running.
RoslynAnalysisRunner has terminated.
Mono: successfully reloaded assembly
- Completed reload, in  0.993 seconds
Platform modules already initialized, skipping
Refreshing native plugins compatible for Editor in 0.60 ms, found 4 plugins.
Preloading 0 native plugins for Editor in 0.00 ms.
Unloading 1284 Unused Serialized files (Serialized files now loaded: 0)
System memory in use before: 167.1 MB.
System memory in use after: 167.1 MB.

Unloading 13 unused Assets to reduce memory usage. Loaded Objects now: 1831.
Total: 2.235854 ms (FindLiveObjects: 0.292517 ms CreateObjectMapping: 0.075663 ms MarkObjects: 1.793908 ms  DeleteObjects: 0.072265 ms)

========================================================================
Received Prepare
Registering precompiled user dll's ...
Registered in 0.002579 seconds.
Begin MonoManager ReloadAssembly
Native extension for OSXStandalone target not found
Native extension for WebGL target not found
Refreshing native plugins compatible for Editor in 0.64 ms, found 4 plugins.
Preloading 0 native plugins for Editor in 0.00 ms.
Invoked RoslynAnalysisRunner static constructor.
RoslynAnalysisRunner will not be running.
RoslynAnalysisRunner has terminated.
Mono: successfully reloaded assembly
- Completed reload, in  1.150 seconds
Platform modules already initialized, skipping
Refreshing native plugins compatible for Editor in 0.42 ms, found 4 plugins.
Preloading 0 native plugins for Editor in 0.00 ms.
Unloading 1284 Unused Serialized files (Serialized files now loaded: 0)
System memory in use before: 167.3 MB.
System memory in use after: 167.3 MB.

Unloading 13 unused Assets to reduce memory usage. Loaded Objects now: 1834.
Total: 2.274454 ms (FindLiveObjects: 0.268053 ms CreateObjectMapping: 0.086418 ms MarkObjects: 1.841380 ms  DeleteObjects: 0.076590 ms)

========================================================================
Received Prepare
Registering precompiled user dll's ...
Registered in 0.000715 seconds.
Begin MonoManager ReloadAssembly
Native extension for OSXStandalone target not found
Native extension for WebGL target not found
Refreshing native plugins compatible for Editor in 0.41 ms, found 4 plugins.
Preloading 0 native plugins for Editor in 0.00 ms.
Invoked RoslynAnalysisRunner static constructor.
RoslynAnalysisRunner will not be running.
RoslynAnalysisRunner has terminated.
Mono: successfully reloaded assembly
- Completed reload, in  1.158 seconds
Platform modules already initialized, skipping
Refreshing native plugins compatible for Editor in 0.37 ms, found 4 plugins.
Preloading 0 native plugins for Editor in 0.00 ms.
Unloading 1284 Unused Serialized files (Serialized files now loaded: 0)
System memory in use before: 167.5 MB.
System memory in use after: 167.6 MB.

Unloading 13 unused Assets to reduce memory usage. Loaded Objects now: 1837.
Total: 2.116196 ms (FindLiveObjects: 0.296381 ms CreateObjectMapping: 0.057303 ms MarkObjects: 1.682651 ms  DeleteObjects: 0.078310 ms)

========================================================================
Received Prepare
Registering precompiled user dll's ...
Registered in 0.002944 seconds.
Begin MonoManager ReloadAssembly
Native extension for OSXStandalone target not found
Native extension for WebGL target not found
Refreshing native plugins compatible for Editor in 0.37 ms, found 4 plugins.
Preloading 0 native plugins for Editor in 0.00 ms.
Invoked RoslynAnalysisRunner static constructor.
RoslynAnalysisRunner will not be running.
RoslynAnalysisRunner has terminated.
Mono: successfully reloaded assembly
- Completed reload, in  0.998 seconds
Platform modules already initialized, skipping
Refreshing native plugins compatible for Editor in 0.38 ms, found 4 plugins.
Preloading 0 native plugins for Editor in 0.00 ms.
Unloading 1284 Unused Serialized files (Serialized files now loaded: 0)
System memory in use before: 167.7 MB.
System memory in use after: 167.8 MB.

Unloading 13 unused Assets to reduce memory usage. Loaded Objects now: 1840.
Total: 2.448290 ms (FindLiveObjects: 0.306544 ms CreateObjectMapping: 0.060618 ms MarkObjects: 1.940196 ms  DeleteObjects: 0.139507 ms)

========================================================================
Received Import Request.
  Time since last request: 457.967740 seconds.
  path: Assets/NewBehaviourScript.cs
  artifactKey: Guid(25ac7029584a4234787f93677dff4e17) Importer(815301076,1909f56bfc062723c751e8b465ee728b)
Start importing Assets/NewBehaviourScript.cs using Guid(25ac7029584a4234787f93677dff4e17) Importer(815301076,1909f56bfc062723c751e8b465ee728b)  -> (artifact id: 'd212e0a06630e20c831bf4fe5964f4ba') in 0.011087 seconds
  Import took 0.014301 seconds .

========================================================================
Received Prepare
Registering precompiled user dll's ...
Registered in 0.000729 seconds.
Begin MonoManager ReloadAssembly
Native extension for OSXStandalone target not found
Native extension for WebGL target not found
Refreshing native plugins compatible for Editor in 0.38 ms, found 4 plugins.
Preloading 0 native plugins for Editor in 0.00 ms.
Invoked RoslynAnalysisRunner static constructor.
RoslynAnalysisRunner will not be running.
RoslynAnalysisRunner has terminated.
Mono: successfully reloaded assembly
- Completed reload, in  0.997 seconds
Platform modules already initialized, skipping
Refreshing native plugins compatible for Editor in 0.33 ms, found 4 plugins.
Preloading 0 native plugins for Editor in 0.00 ms.
Unloading 1284 Unused Serialized files (Serialized files now loaded: 0)
System memory in use before: 167.9 MB.
System memory in use after: 168.0 MB.

Unloading 13 unused Assets to reduce memory usage. Loaded Objects now: 1843.
Total: 2.809958 ms (FindLiveObjects: 0.392248 ms CreateObjectMapping: 0.106668 ms MarkObjects: 2.241460 ms  DeleteObjects: 0.067815 ms)

========================================================================
Received Import Request.
  Time since last request: 138.492018 seconds.
  path: Assets/NewBehaviourScript.cs
  artifactKey: Guid(25ac7029584a4234787f93677dff4e17) Importer(815301076,1909f56bfc062723c751e8b465ee728b)
Start importing Assets/NewBehaviourScript.cs using Guid(25ac7029584a4234787f93677dff4e17) Importer(815301076,1909f56bfc062723c751e8b465ee728b)  -> (artifact id: '1f0e0c53d1b6e02444f5cad9711d0428') in 0.005570 seconds
  Import took 0.008394 seconds .

========================================================================
Received Import Request.
  Time since last request: 0.000463 seconds.
  path: Assets/NewBehaviourScript.cs
  artifactKey: Guid(25ac7029584a4234787f93677dff4e17) Importer(815301076,1909f56bfc062723c751e8b465ee728b)
Start importing Assets/NewBehaviourScript.cs using Guid(25ac7029584a4234787f93677dff4e17) Importer(815301076,1909f56bfc062723c751e8b465ee728b)  -> (artifact id: '1f0e0c53d1b6e02444f5cad9711d0428') in 0.001445 seconds
  Import took 0.004208 seconds .

========================================================================
Received Prepare
Registering precompiled user dll's ...
Registered in 0.001950 seconds.
Begin MonoManager ReloadAssembly
Native extension for OSXStandalone target not found
Native extension for WebGL target not found
Refreshing native plugins compatible for Editor in 0.87 ms, found 4 plugins.
Preloading 0 native plugins for Editor in 0.00 ms.
Invoked RoslynAnalysisRunner static constructor.
RoslynAnalysisRunner will not be running.
RoslynAnalysisRunner has terminated.
Mono: successfully reloaded assembly
- Completed reload, in  1.021 seconds
Platform modules already initialized, skipping
Refreshing native plugins compatible for Editor in 0.37 ms, found 4 plugins.
Preloading 0 native plugins for Editor in 0.00 ms.
Unloading 1284 Unused Serialized files (Serialized files now loaded: 0)
System memory in use before: 168.2 MB.
System memory in use after: 168.2 MB.

Unloading 13 unused Assets to reduce memory usage. Loaded Objects now: 1846.
Total: 2.146520 ms (FindLiveObjects: 0.251114 ms CreateObjectMapping: 0.045922 ms MarkObjects: 1.743303 ms  DeleteObjects: 0.104960 ms)

========================================================================
Received Import Request.
  Time since last request: 47.777695 seconds.
  path: Assets/NewBehaviourScript.cs
  artifactKey: Guid(25ac7029584a4234787f93677dff4e17) Importer(815301076,1909f56bfc062723c751e8b465ee728b)
Start importing Assets/NewBehaviourScript.cs using Guid(25ac7029584a4234787f93677dff4e17) Importer(815301076,1909f56bfc062723c751e8b465ee728b)  -> (artifact id: '8428642a5a166cbc6b563f5aedbb98f9') in 0.004267 seconds
  Import took 0.007360 seconds .

========================================================================
Received Prepare
Registering precompiled user dll's ...
Registered in 0.002491 seconds.
Begin MonoManager ReloadAssembly
Native extension for OSXStandalone target not found
Native extension for WebGL target not found
Refreshing native plugins compatible for Editor in 0.41 ms, found 4 plugins.
Preloading 0 native plugins for Editor in 0.00 ms.
Invoked RoslynAnalysisRunner static constructor.
RoslynAnalysisRunner will not be running.
RoslynAnalysisRunner has terminated.
Mono: successfully reloaded assembly
- Completed reload, in  1.081 seconds
Platform modules already initialized, skipping
Refreshing native plugins compatible for Editor in 0.40 ms, found 4 plugins.
Preloading 0 native plugins for Editor in 0.00 ms.
Unloading 1284 Unused Serialized files (Serialized files now loaded: 0)
System memory in use before: 168.4 MB.
System memory in use after: 168.4 MB.

Unloading 13 unused Assets to reduce memory usage. Loaded Objects now: 1849.
Total: 1.850891 ms (FindLiveObjects: 0.184351 ms CreateObjectMapping: 0.087645 ms MarkObjects: 1.513307 ms  DeleteObjects: 0.064063 ms)

